2020-05-28 14:34:17,557  INFO [main] TestBase:19 - Started TC005_Delete_Employee_Record
2020-05-28 14:34:19,598 DEBUG [main] BasicClientConnectionManager:161 - Get connection for route {}->http://dummy.restapiexample.com:80
2020-05-28 14:34:19,662 DEBUG [main] DefaultClientConnectionOperator:177 - Connecting to dummy.restapiexample.com:80
2020-05-28 14:34:19,779 DEBUG [main] RequestAddCookies:123 - CookieSpec selected: ignoreCookies
2020-05-28 14:34:19,785 DEBUG [main] RequestAuthCache:77 - Auth cache not set in the context
2020-05-28 14:34:19,786 DEBUG [main] RequestTargetAuthentication:80 - Target auth state: UNCHALLENGED
2020-05-28 14:34:19,789 DEBUG [main] RequestProxyAuthentication:89 - Proxy auth state: UNCHALLENGED
2020-05-28 14:34:19,790 DEBUG [main] DefaultHttpClient:682 - Attempt 1 to execute request
2020-05-28 14:34:19,792 DEBUG [main] DefaultClientConnection:274 - Sending request: DELETE /api/v1/delete/1 HTTP/1.1
2020-05-28 14:34:19,795 DEBUG [main] wire:73 -  >> "DELETE /api/v1/delete/1 HTTP/1.1[\r][\n]"
2020-05-28 14:34:19,799 DEBUG [main] wire:73 -  >> "Accept: */*[\r][\n]"
2020-05-28 14:34:19,803 DEBUG [main] wire:73 -  >> "Host: dummy.restapiexample.com[\r][\n]"
2020-05-28 14:34:19,805 DEBUG [main] wire:73 -  >> "Connection: Keep-Alive[\r][\n]"
2020-05-28 14:34:19,806 DEBUG [main] wire:73 -  >> "User-Agent: Apache-HttpClient/4.5.3 (Java/12.0.2)[\r][\n]"
2020-05-28 14:34:19,807 DEBUG [main] wire:73 -  >> "Accept-Encoding: gzip,deflate[\r][\n]"
2020-05-28 14:34:19,808 DEBUG [main] wire:73 -  >> "[\r][\n]"
2020-05-28 14:34:19,812 DEBUG [main] headers:278 - >> DELETE /api/v1/delete/1 HTTP/1.1
2020-05-28 14:34:19,813 DEBUG [main] headers:281 - >> Accept: */*
2020-05-28 14:34:19,814 DEBUG [main] headers:281 - >> Host: dummy.restapiexample.com
2020-05-28 14:34:19,815 DEBUG [main] headers:281 - >> Connection: Keep-Alive
2020-05-28 14:34:19,815 DEBUG [main] headers:281 - >> User-Agent: Apache-HttpClient/4.5.3 (Java/12.0.2)
2020-05-28 14:34:19,816 DEBUG [main] headers:281 - >> Accept-Encoding: gzip,deflate
2020-05-28 14:34:20,417 DEBUG [main] wire:73 -  << "HTTP/1.1 200 OK[\r][\n]"
2020-05-28 14:34:20,423 DEBUG [main] wire:73 -  << "Access-Control-Allow-Origin: *[\r][\n]"
2020-05-28 14:34:20,425 DEBUG [main] wire:73 -  << "Access-Control-Expose-Headers: Content-Type, X-Requested-With, X-authentication, X-client[\r][\n]"
2020-05-28 14:34:20,426 DEBUG [main] wire:73 -  << "Cache-Control: no-store, no-cache, must-revalidate[\r][\n]"
2020-05-28 14:34:20,427 DEBUG [main] wire:73 -  << "Content-Type: application/json;charset=utf-8[\r][\n]"
2020-05-28 14:34:20,429 DEBUG [main] wire:73 -  << "Date: Thu, 28 May 2020 21:34:21 GMT[\r][\n]"
2020-05-28 14:34:20,430 DEBUG [main] wire:73 -  << "Expires: Thu, 19 Nov 1981 08:52:00 GMT[\r][\n]"
2020-05-28 14:34:20,431 DEBUG [main] wire:73 -  << "Host-Header: c2hhcmVkLmJsdWVob3N0LmNvbQ==[\r][\n]"
2020-05-28 14:34:20,432 DEBUG [main] wire:73 -  << "Pragma: no-cache[\r][\n]"
2020-05-28 14:34:20,433 DEBUG [main] wire:73 -  << "Referrer-Policy: [\r][\n]"
2020-05-28 14:34:20,434 DEBUG [main] wire:73 -  << "Response: 200[\r][\n]"
2020-05-28 14:34:20,435 DEBUG [main] wire:73 -  << "Server: nginx/1.16.0[\r][\n]"
2020-05-28 14:34:20,437 DEBUG [main] wire:73 -  << "Set-Cookie: PHPSESSID=4b7861282709eb183d3639747463df75; path=/[\r][\n]"
2020-05-28 14:34:20,438 DEBUG [main] wire:73 -  << "Set-Cookie: ezoadgid_133674=-1; Path=/; Domain=restapiexample.com; Expires=Thu, 28 May 2020 22:04:21 UTC[\r][\n]"
2020-05-28 14:34:20,439 DEBUG [main] wire:73 -  << "Set-Cookie: ezoref_133674=; Path=/; Domain=restapiexample.com; Expires=Thu, 28 May 2020 23:34:21 UTC[\r][\n]"
2020-05-28 14:34:20,440 DEBUG [main] wire:73 -  << "Set-Cookie: ezoab_133674=mod55-c; Path=/; Domain=restapiexample.com; Expires=Thu, 28 May 2020 23:34:21 UTC[\r][\n]"
2020-05-28 14:34:20,441 DEBUG [main] wire:73 -  << "Set-Cookie: active_template::133674=pub_site.1590701661; Path=/; Domain=restapiexample.com; Expires=Sat, 30 May 2020 21:34:21 UTC[\r][\n]"
2020-05-28 14:34:20,442 DEBUG [main] wire:73 -  << "Vary: Accept-Encoding[\r][\n]"
2020-05-28 14:34:20,443 DEBUG [main] wire:73 -  << "Vary: Accept-Encoding,X-APP-JSON[\r][\n]"
2020-05-28 14:34:20,444 DEBUG [main] wire:73 -  << "X-Ezoic-Cdn: Miss[\r][\n]"
2020-05-28 14:34:20,446 DEBUG [main] wire:73 -  << "X-Middleton-Response: 200[\r][\n]"
2020-05-28 14:34:20,447 DEBUG [main] wire:73 -  << "X-Sol: pub_site[\r][\n]"
2020-05-28 14:34:20,449 DEBUG [main] wire:73 -  << "Content-Length: 64[\r][\n]"
2020-05-28 14:34:20,450 DEBUG [main] wire:73 -  << "[\r][\n]"
2020-05-28 14:34:20,453 DEBUG [main] DefaultClientConnection:259 - Receiving response: HTTP/1.1 200 OK
2020-05-28 14:34:20,454 DEBUG [main] headers:262 - << HTTP/1.1 200 OK
2020-05-28 14:34:20,454 DEBUG [main] headers:265 - << Access-Control-Allow-Origin: *
2020-05-28 14:34:20,455 DEBUG [main] headers:265 - << Access-Control-Expose-Headers: Content-Type, X-Requested-With, X-authentication, X-client
2020-05-28 14:34:20,456 DEBUG [main] headers:265 - << Cache-Control: no-store, no-cache, must-revalidate
2020-05-28 14:34:20,456 DEBUG [main] headers:265 - << Content-Type: application/json;charset=utf-8
2020-05-28 14:34:20,457 DEBUG [main] headers:265 - << Date: Thu, 28 May 2020 21:34:21 GMT
2020-05-28 14:34:20,457 DEBUG [main] headers:265 - << Expires: Thu, 19 Nov 1981 08:52:00 GMT
2020-05-28 14:34:20,458 DEBUG [main] headers:265 - << Host-Header: c2hhcmVkLmJsdWVob3N0LmNvbQ==
2020-05-28 14:34:20,459 DEBUG [main] headers:265 - << Pragma: no-cache
2020-05-28 14:34:20,459 DEBUG [main] headers:265 - << Referrer-Policy: 
2020-05-28 14:34:20,460 DEBUG [main] headers:265 - << Response: 200
2020-05-28 14:34:20,460 DEBUG [main] headers:265 - << Server: nginx/1.16.0
2020-05-28 14:34:20,461 DEBUG [main] headers:265 - << Set-Cookie: PHPSESSID=4b7861282709eb183d3639747463df75; path=/
2020-05-28 14:34:20,462 DEBUG [main] headers:265 - << Set-Cookie: ezoadgid_133674=-1; Path=/; Domain=restapiexample.com; Expires=Thu, 28 May 2020 22:04:21 UTC
2020-05-28 14:34:20,462 DEBUG [main] headers:265 - << Set-Cookie: ezoref_133674=; Path=/; Domain=restapiexample.com; Expires=Thu, 28 May 2020 23:34:21 UTC
2020-05-28 14:34:20,463 DEBUG [main] headers:265 - << Set-Cookie: ezoab_133674=mod55-c; Path=/; Domain=restapiexample.com; Expires=Thu, 28 May 2020 23:34:21 UTC
2020-05-28 14:34:20,463 DEBUG [main] headers:265 - << Set-Cookie: active_template::133674=pub_site.1590701661; Path=/; Domain=restapiexample.com; Expires=Sat, 30 May 2020 21:34:21 UTC
2020-05-28 14:34:20,464 DEBUG [main] headers:265 - << Vary: Accept-Encoding
2020-05-28 14:34:20,465 DEBUG [main] headers:265 - << Vary: Accept-Encoding,X-APP-JSON
2020-05-28 14:34:20,465 DEBUG [main] headers:265 - << X-Ezoic-Cdn: Miss
2020-05-28 14:34:20,466 DEBUG [main] headers:265 - << X-Middleton-Response: 200
2020-05-28 14:34:20,466 DEBUG [main] headers:265 - << X-Sol: pub_site
2020-05-28 14:34:20,467 DEBUG [main] headers:265 - << Content-Length: 64
2020-05-28 14:34:20,483 DEBUG [main] DefaultHttpClient:509 - Connection can be kept alive indefinitely
2020-05-28 14:34:20,515 DEBUG [main] RequestSpecificationImpl$RestAssuredHttpBuilder:545 - Parsing response as: application/json;charset=utf-8
2020-05-28 14:34:20,516 DEBUG [main] RequestSpecificationImpl$RestAssuredHttpBuilder:548 - Parsed data to instance of: class org.apache.http.conn.EofSensorInputStream
2020-05-28 14:34:20,747  INFO [main] TestBase:51 -   ** Checking Content Encoding 
2020-05-28 14:34:20,878  INFO [main] TestBase:68 -   ** Checking Staus Line 
2020-05-28 14:34:20,899  INFO [main] TestBase:33 -   ** Checking Respose Body
2020-05-28 14:34:20,965 DEBUG [main] wire:87 -  << "{"status":"failed","message":"Error! Not able to delete record"}"
2020-05-28 14:34:20,968 DEBUG [main] BasicClientConnectionManager:200 - Releasing connection org.apache.http.impl.conn.ManagedClientConnectionImpl@40230eb9
2020-05-28 14:34:20,968 DEBUG [main] BasicClientConnectionManager:225 - Connection can be kept alive indefinitely
2020-05-28 14:34:21,000  INFO [main] TestBase:107 -   ** Checking response time
2020-05-28 14:34:21,049  INFO [main] TestBase:90 -   ** Checking Server type
2020-05-28 14:34:21,078  INFO [main] TestBase:42 -   ** Checking Staus code 
2020-05-28 14:34:21,178  INFO [main] TestBase:60 -   ** Checking Staus Line 
2020-05-28 14:34:21,209  INFO [main] TestBase:98 -   ** Checking Cookies
2020-05-28 14:34:21,225  INFO [main] TestBase:77 -   ** Checking All headers 
2020-05-28 14:34:21,252  INFO [main] TestBase:27 - Started TC004_PUT_Employee_Record
2020-05-28 14:34:21,347 DEBUG [main] BasicClientConnectionManager:161 - Get connection for route {}->http://dummy.restapiexample.com:80
2020-05-28 14:34:21,348 DEBUG [main] DefaultClientConnectionOperator:177 - Connecting to dummy.restapiexample.com:80
2020-05-28 14:34:21,402 DEBUG [main] RequestAddCookies:123 - CookieSpec selected: ignoreCookies
2020-05-28 14:34:21,403 DEBUG [main] RequestAuthCache:77 - Auth cache not set in the context
2020-05-28 14:34:21,403 DEBUG [main] RequestTargetAuthentication:80 - Target auth state: UNCHALLENGED
2020-05-28 14:34:21,404 DEBUG [main] RequestProxyAuthentication:89 - Proxy auth state: UNCHALLENGED
2020-05-28 14:34:21,404 DEBUG [main] DefaultHttpClient:682 - Attempt 1 to execute request
2020-05-28 14:34:21,405 DEBUG [main] DefaultClientConnection:274 - Sending request: PUT /api/v1/update/1 HTTP/1.1
2020-05-28 14:34:21,405 DEBUG [main] wire:73 -  >> "PUT /api/v1/update/1 HTTP/1.1[\r][\n]"
2020-05-28 14:34:21,406 DEBUG [main] wire:73 -  >> "Content.Type: application/json[\r][\n]"
2020-05-28 14:34:21,406 DEBUG [main] wire:73 -  >> "Accept: */*[\r][\n]"
2020-05-28 14:34:21,406 DEBUG [main] wire:73 -  >> "Content-Type: text/plain; charset=ISO-8859-1[\r][\n]"
2020-05-28 14:34:21,407 DEBUG [main] wire:73 -  >> "Content-Length: 46[\r][\n]"
2020-05-28 14:34:21,407 DEBUG [main] wire:73 -  >> "Host: dummy.restapiexample.com[\r][\n]"
2020-05-28 14:34:21,408 DEBUG [main] wire:73 -  >> "Connection: Keep-Alive[\r][\n]"
2020-05-28 14:34:21,415 DEBUG [main] wire:73 -  >> "User-Agent: Apache-HttpClient/4.5.3 (Java/12.0.2)[\r][\n]"
2020-05-28 14:34:21,416 DEBUG [main] wire:73 -  >> "Accept-Encoding: gzip,deflate[\r][\n]"
2020-05-28 14:34:21,416 DEBUG [main] wire:73 -  >> "[\r][\n]"
2020-05-28 14:34:21,416 DEBUG [main] headers:278 - >> PUT /api/v1/update/1 HTTP/1.1
2020-05-28 14:34:21,429 DEBUG [main] headers:281 - >> Content.Type: application/json
2020-05-28 14:34:21,430 DEBUG [main] headers:281 - >> Accept: */*
2020-05-28 14:34:21,430 DEBUG [main] headers:281 - >> Content-Type: text/plain; charset=ISO-8859-1
2020-05-28 14:34:21,431 DEBUG [main] headers:281 - >> Content-Length: 46
2020-05-28 14:34:21,431 DEBUG [main] headers:281 - >> Host: dummy.restapiexample.com
2020-05-28 14:34:21,431 DEBUG [main] headers:281 - >> Connection: Keep-Alive
2020-05-28 14:34:21,431 DEBUG [main] headers:281 - >> User-Agent: Apache-HttpClient/4.5.3 (Java/12.0.2)
2020-05-28 14:34:21,432 DEBUG [main] headers:281 - >> Accept-Encoding: gzip,deflate
2020-05-28 14:34:21,432 DEBUG [main] wire:87 -  >> "{"name":"ArtiYox","salary":"21857","age":"90"}"
2020-05-28 14:34:21,883 DEBUG [main] wire:73 -  << "HTTP/1.1 200 OK[\r][\n]"
2020-05-28 14:34:21,883 DEBUG [main] wire:73 -  << "Access-Control-Allow-Origin: *[\r][\n]"
2020-05-28 14:34:21,884 DEBUG [main] wire:73 -  << "Access-Control-Expose-Headers: Content-Type, X-Requested-With, X-authentication, X-client[\r][\n]"
2020-05-28 14:34:21,884 DEBUG [main] wire:73 -  << "Cache-Control: no-store, no-cache, must-revalidate[\r][\n]"
2020-05-28 14:34:21,884 DEBUG [main] wire:73 -  << "Content-Type: application/json;charset=utf-8[\r][\n]"
2020-05-28 14:34:21,885 DEBUG [main] wire:73 -  << "Date: Thu, 28 May 2020 21:34:22 GMT[\r][\n]"
2020-05-28 14:34:21,885 DEBUG [main] wire:73 -  << "Expires: Thu, 19 Nov 1981 08:52:00 GMT[\r][\n]"
2020-05-28 14:34:21,886 DEBUG [main] wire:73 -  << "Host-Header: c2hhcmVkLmJsdWVob3N0LmNvbQ==[\r][\n]"
2020-05-28 14:34:21,886 DEBUG [main] wire:73 -  << "Pragma: no-cache[\r][\n]"
2020-05-28 14:34:21,886 DEBUG [main] wire:73 -  << "Referrer-Policy: [\r][\n]"
2020-05-28 14:34:21,887 DEBUG [main] wire:73 -  << "Response: 200[\r][\n]"
2020-05-28 14:34:21,887 DEBUG [main] wire:73 -  << "Server: nginx/1.16.0[\r][\n]"
2020-05-28 14:34:21,888 DEBUG [main] wire:73 -  << "Set-Cookie: PHPSESSID=d90caa7c6084be79bae9c53c8729e28c; path=/[\r][\n]"
2020-05-28 14:34:21,888 DEBUG [main] wire:73 -  << "Set-Cookie: ezoadgid_133674=-1; Path=/; Domain=restapiexample.com; Expires=Thu, 28 May 2020 22:04:22 UTC[\r][\n]"
2020-05-28 14:34:21,888 DEBUG [main] wire:73 -  << "Set-Cookie: ezoref_133674=; Path=/; Domain=restapiexample.com; Expires=Thu, 28 May 2020 23:34:22 UTC[\r][\n]"
2020-05-28 14:34:21,889 DEBUG [main] wire:73 -  << "Set-Cookie: ezoab_133674=mod33-c; Path=/; Domain=restapiexample.com; Expires=Thu, 28 May 2020 23:34:22 UTC[\r][\n]"
2020-05-28 14:34:21,889 DEBUG [main] wire:73 -  << "Set-Cookie: active_template::133674=pub_site.1590701662; Path=/; Domain=restapiexample.com; Expires=Sat, 30 May 2020 21:34:22 UTC[\r][\n]"
2020-05-28 14:34:21,889 DEBUG [main] wire:73 -  << "Vary: Accept-Encoding[\r][\n]"
2020-05-28 14:34:21,890 DEBUG [main] wire:73 -  << "Vary: Accept-Encoding,X-APP-JSON[\r][\n]"
2020-05-28 14:34:21,890 DEBUG [main] wire:73 -  << "X-Ezoic-Cdn: Miss[\r][\n]"
2020-05-28 14:34:21,890 DEBUG [main] wire:73 -  << "X-Middleton-Response: 200[\r][\n]"
2020-05-28 14:34:21,890 DEBUG [main] wire:73 -  << "X-Sol: pub_site[\r][\n]"
2020-05-28 14:34:21,890 DEBUG [main] wire:73 -  << "Content-Length: 32[\r][\n]"
2020-05-28 14:34:21,891 DEBUG [main] wire:73 -  << "[\r][\n]"
2020-05-28 14:34:21,891 DEBUG [main] DefaultClientConnection:259 - Receiving response: HTTP/1.1 200 OK
2020-05-28 14:34:21,891 DEBUG [main] headers:262 - << HTTP/1.1 200 OK
2020-05-28 14:34:21,891 DEBUG [main] headers:265 - << Access-Control-Allow-Origin: *
2020-05-28 14:34:21,892 DEBUG [main] headers:265 - << Access-Control-Expose-Headers: Content-Type, X-Requested-With, X-authentication, X-client
2020-05-28 14:34:21,892 DEBUG [main] headers:265 - << Cache-Control: no-store, no-cache, must-revalidate
2020-05-28 14:34:21,892 DEBUG [main] headers:265 - << Content-Type: application/json;charset=utf-8
2020-05-28 14:34:21,892 DEBUG [main] headers:265 - << Date: Thu, 28 May 2020 21:34:22 GMT
2020-05-28 14:34:21,892 DEBUG [main] headers:265 - << Expires: Thu, 19 Nov 1981 08:52:00 GMT
2020-05-28 14:34:21,893 DEBUG [main] headers:265 - << Host-Header: c2hhcmVkLmJsdWVob3N0LmNvbQ==
2020-05-28 14:34:21,893 DEBUG [main] headers:265 - << Pragma: no-cache
2020-05-28 14:34:21,893 DEBUG [main] headers:265 - << Referrer-Policy: 
2020-05-28 14:34:21,893 DEBUG [main] headers:265 - << Response: 200
2020-05-28 14:34:21,894 DEBUG [main] headers:265 - << Server: nginx/1.16.0
2020-05-28 14:34:21,894 DEBUG [main] headers:265 - << Set-Cookie: PHPSESSID=d90caa7c6084be79bae9c53c8729e28c; path=/
2020-05-28 14:34:21,894 DEBUG [main] headers:265 - << Set-Cookie: ezoadgid_133674=-1; Path=/; Domain=restapiexample.com; Expires=Thu, 28 May 2020 22:04:22 UTC
2020-05-28 14:34:21,894 DEBUG [main] headers:265 - << Set-Cookie: ezoref_133674=; Path=/; Domain=restapiexample.com; Expires=Thu, 28 May 2020 23:34:22 UTC
2020-05-28 14:34:21,895 DEBUG [main] headers:265 - << Set-Cookie: ezoab_133674=mod33-c; Path=/; Domain=restapiexample.com; Expires=Thu, 28 May 2020 23:34:22 UTC
2020-05-28 14:34:21,895 DEBUG [main] headers:265 - << Set-Cookie: active_template::133674=pub_site.1590701662; Path=/; Domain=restapiexample.com; Expires=Sat, 30 May 2020 21:34:22 UTC
2020-05-28 14:34:21,895 DEBUG [main] headers:265 - << Vary: Accept-Encoding
2020-05-28 14:34:21,895 DEBUG [main] headers:265 - << Vary: Accept-Encoding,X-APP-JSON
2020-05-28 14:34:21,895 DEBUG [main] headers:265 - << X-Ezoic-Cdn: Miss
2020-05-28 14:34:21,896 DEBUG [main] headers:265 - << X-Middleton-Response: 200
2020-05-28 14:34:21,896 DEBUG [main] headers:265 - << X-Sol: pub_site
2020-05-28 14:34:21,896 DEBUG [main] headers:265 - << Content-Length: 32
2020-05-28 14:34:21,896 DEBUG [main] DefaultHttpClient:509 - Connection can be kept alive indefinitely
2020-05-28 14:34:21,897 DEBUG [main] RequestSpecificationImpl$RestAssuredHttpBuilder:545 - Parsing response as: application/json;charset=utf-8
2020-05-28 14:34:21,897 DEBUG [main] RequestSpecificationImpl$RestAssuredHttpBuilder:548 - Parsed data to instance of: class org.apache.http.conn.EofSensorInputStream
2020-05-28 14:34:21,908  INFO [main] TestBase:60 -   ** Checking Content Encoding 
2020-05-28 14:34:21,914  INFO [main] TestBase:77 -   ** Checking Staus Line 
2020-05-28 14:34:21,921  INFO [main] TestBase:42 -   ** Checking Respose Body
2020-05-28 14:34:21,922 DEBUG [main] wire:87 -  << "{"status":"success","data":null}"
2020-05-28 14:34:21,922 DEBUG [main] BasicClientConnectionManager:200 - Releasing connection org.apache.http.impl.conn.ManagedClientConnectionImpl@18539cb1
2020-05-28 14:34:21,922 DEBUG [main] BasicClientConnectionManager:225 - Connection can be kept alive indefinitely
2020-05-28 14:34:21,929  INFO [main] TestBase:116 -   ** Checking response time
2020-05-28 14:34:21,938  INFO [main] TestBase:99 -   ** Checking Server type
2020-05-28 14:34:21,950  INFO [main] TestBase:51 -   ** Checking Staus code 
2020-05-28 14:34:21,958  INFO [main] TestBase:69 -   ** Checking Staus Line 
2020-05-28 14:34:21,975  INFO [main] TestBase:107 -   ** Checking Cookies
2020-05-28 14:34:21,981  INFO [main] TestBase:86 -   ** Checking All headers 
2020-05-28 14:34:21,996  INFO [main] TestBase:17 - Started TC001_Get_All_employees 
2020-05-28 14:34:22,011 DEBUG [main] BasicClientConnectionManager:161 - Get connection for route {}->http://dummy.restapiexample.com:80
2020-05-28 14:34:22,012 DEBUG [main] DefaultClientConnectionOperator:177 - Connecting to dummy.restapiexample.com:80
2020-05-28 14:34:22,064 DEBUG [main] RequestAddCookies:123 - CookieSpec selected: ignoreCookies
2020-05-28 14:34:22,065 DEBUG [main] RequestAuthCache:77 - Auth cache not set in the context
2020-05-28 14:34:22,066 DEBUG [main] RequestTargetAuthentication:80 - Target auth state: UNCHALLENGED
2020-05-28 14:34:22,067 DEBUG [main] RequestProxyAuthentication:89 - Proxy auth state: UNCHALLENGED
2020-05-28 14:34:22,068 DEBUG [main] DefaultHttpClient:682 - Attempt 1 to execute request
2020-05-28 14:34:22,069 DEBUG [main] DefaultClientConnection:274 - Sending request: GET /employees HTTP/1.1
2020-05-28 14:34:22,070 DEBUG [main] wire:73 -  >> "GET /employees HTTP/1.1[\r][\n]"
2020-05-28 14:34:22,072 DEBUG [main] wire:73 -  >> "Accept: */*[\r][\n]"
2020-05-28 14:34:22,073 DEBUG [main] wire:73 -  >> "Host: dummy.restapiexample.com[\r][\n]"
2020-05-28 14:34:22,074 DEBUG [main] wire:73 -  >> "Connection: Keep-Alive[\r][\n]"
2020-05-28 14:34:22,075 DEBUG [main] wire:73 -  >> "User-Agent: Apache-HttpClient/4.5.3 (Java/12.0.2)[\r][\n]"
2020-05-28 14:34:22,076 DEBUG [main] wire:73 -  >> "Accept-Encoding: gzip,deflate[\r][\n]"
2020-05-28 14:34:22,078 DEBUG [main] wire:73 -  >> "[\r][\n]"
2020-05-28 14:34:22,079 DEBUG [main] headers:278 - >> GET /employees HTTP/1.1
2020-05-28 14:34:22,080 DEBUG [main] headers:281 - >> Accept: */*
2020-05-28 14:34:22,081 DEBUG [main] headers:281 - >> Host: dummy.restapiexample.com
2020-05-28 14:34:22,082 DEBUG [main] headers:281 - >> Connection: Keep-Alive
2020-05-28 14:34:22,083 DEBUG [main] headers:281 - >> User-Agent: Apache-HttpClient/4.5.3 (Java/12.0.2)
2020-05-28 14:34:22,084 DEBUG [main] headers:281 - >> Accept-Encoding: gzip,deflate
2020-05-28 14:34:22,568 DEBUG [main] wire:73 -  << "HTTP/1.1 200 OK[\r][\n]"
2020-05-28 14:34:22,570 DEBUG [main] wire:73 -  << "Access-Control-Allow-Origin: *[\r][\n]"
2020-05-28 14:34:22,571 DEBUG [main] wire:73 -  << "Access-Control-Expose-Headers: Content-Type, X-Requested-With, X-authentication, X-client[\r][\n]"
2020-05-28 14:34:22,572 DEBUG [main] wire:73 -  << "Cache-Control: no-store, no-cache, must-revalidate[\r][\n]"
2020-05-28 14:34:22,573 DEBUG [main] wire:73 -  << "Content-Encoding: gzip[\r][\n]"
2020-05-28 14:34:22,573 DEBUG [main] wire:73 -  << "Content-Type: text/html; charset=UTF-8[\r][\n]"
2020-05-28 14:34:22,574 DEBUG [main] wire:73 -  << "Date: Thu, 28 May 2020 21:34:23 GMT[\r][\n]"
2020-05-28 14:34:22,575 DEBUG [main] wire:73 -  << "Display: pub_site_to_orig_sol[\r][\n]"
2020-05-28 14:34:22,575 DEBUG [main] wire:73 -  << "Expires: Thu, 19 Nov 1981 08:52:00 GMT[\r][\n]"
2020-05-28 14:34:22,576 DEBUG [main] wire:73 -  << "Host-Header: c2hhcmVkLmJsdWVob3N0LmNvbQ==[\r][\n]"
2020-05-28 14:34:22,576 DEBUG [main] wire:73 -  << "Pagespeed: off[\r][\n]"
2020-05-28 14:34:22,577 DEBUG [main] wire:73 -  << "Pragma: no-cache[\r][\n]"
2020-05-28 14:34:22,578 DEBUG [main] wire:73 -  << "Referrer-Policy: [\r][\n]"
2020-05-28 14:34:22,578 DEBUG [main] wire:73 -  << "Response: 200[\r][\n]"
2020-05-28 14:34:22,579 DEBUG [main] wire:73 -  << "Server: nginx/1.16.0[\r][\n]"
2020-05-28 14:34:22,580 DEBUG [main] wire:73 -  << "Set-Cookie: PHPSESSID=61f415259c79ff29b1a40d2b57c0b90a; path=/[\r][\n]"
2020-05-28 14:34:22,581 DEBUG [main] wire:73 -  << "Set-Cookie: ezoadgid_133674=-1; Path=/; Domain=restapiexample.com; Expires=Thu, 28 May 2020 22:04:23 UTC[\r][\n]"
2020-05-28 14:34:22,582 DEBUG [main] wire:73 -  << "Set-Cookie: ezoref_133674=; Path=/; Domain=restapiexample.com; Expires=Thu, 28 May 2020 23:34:23 UTC[\r][\n]"
2020-05-28 14:34:22,583 DEBUG [main] wire:73 -  << "Set-Cookie: ezoab_133674=mod55-c; Path=/; Domain=restapiexample.com; Expires=Thu, 28 May 2020 23:34:23 UTC[\r][\n]"
2020-05-28 14:34:22,583 DEBUG [main] wire:73 -  << "Set-Cookie: active_template::133674=pub_site.1590701663; Path=/; Domain=restapiexample.com; Expires=Sat, 30 May 2020 21:34:23 UTC[\r][\n]"
2020-05-28 14:34:22,584 DEBUG [main] wire:73 -  << "Set-Cookie: lp_133674=http://dummy.restapiexample.com/employees; Path=/; Domain=restapiexample.com; Expires=Thu, 28 May 2020 23:34:23 UTC[\r][\n]"
2020-05-28 14:34:22,585 DEBUG [main] wire:73 -  << "Set-Cookie: ezovuuidtime_133674=1590701663; Path=/; Domain=restapiexample.com; Expires=Sat, 30 May 2020 21:34:23 UTC[\r][\n]"
2020-05-28 14:34:22,586 DEBUG [main] wire:73 -  << "Set-Cookie: ezovuuid_133674=42dace34-ac84-47e8-4465-f17a03023ca7; Path=/; Domain=restapiexample.com; Expires=Thu, 28 May 2020 22:04:23 UTC[\r][\n]"
2020-05-28 14:34:22,586 DEBUG [main] wire:73 -  << "Set-Cookie: ezopvc_133674=1; Path=/; Domain=restapiexample.com; Expires=Thu, 28 May 2020 22:04:23 UTC[\r][\n]"
2020-05-28 14:34:22,587 DEBUG [main] wire:73 -  << "Set-Cookie: ezCMPCCS=true; Path=/; Domain=restapiexample.com; Expires=Fri, 28 May 2021 21:34:23 GMT[\r][\n]"
2020-05-28 14:34:22,588 DEBUG [main] wire:73 -  << "Vary: Accept-Encoding[\r][\n]"
2020-05-28 14:34:22,589 DEBUG [main] wire:73 -  << "Vary: Accept-Encoding,User-Agent,X-APP-JSON[\r][\n]"
2020-05-28 14:34:22,589 DEBUG [main] wire:73 -  << "X-Ezoic-Cdn: Miss[\r][\n]"
2020-05-28 14:34:22,590 DEBUG [main] wire:73 -  << "X-Middleton-Display: pub_site_to_orig_sol[\r][\n]"
2020-05-28 14:34:22,590 DEBUG [main] wire:73 -  << "X-Middleton-Response: 200[\r][\n]"
2020-05-28 14:34:22,591 DEBUG [main] wire:73 -  << "X-Sol: pub_site[\r][\n]"
2020-05-28 14:34:22,592 DEBUG [main] wire:73 -  << "Transfer-Encoding: chunked[\r][\n]"
2020-05-28 14:34:22,593 DEBUG [main] wire:73 -  << "[\r][\n]"
2020-05-28 14:34:22,595 DEBUG [main] DefaultClientConnection:259 - Receiving response: HTTP/1.1 200 OK
2020-05-28 14:34:22,595 DEBUG [main] headers:262 - << HTTP/1.1 200 OK
2020-05-28 14:34:22,596 DEBUG [main] headers:265 - << Access-Control-Allow-Origin: *
2020-05-28 14:34:22,597 DEBUG [main] headers:265 - << Access-Control-Expose-Headers: Content-Type, X-Requested-With, X-authentication, X-client
2020-05-28 14:34:22,598 DEBUG [main] headers:265 - << Cache-Control: no-store, no-cache, must-revalidate
2020-05-28 14:34:22,599 DEBUG [main] headers:265 - << Content-Encoding: gzip
2020-05-28 14:34:22,599 DEBUG [main] headers:265 - << Content-Type: text/html; charset=UTF-8
2020-05-28 14:34:22,600 DEBUG [main] headers:265 - << Date: Thu, 28 May 2020 21:34:23 GMT
2020-05-28 14:34:22,600 DEBUG [main] headers:265 - << Display: pub_site_to_orig_sol
2020-05-28 14:34:22,601 DEBUG [main] headers:265 - << Expires: Thu, 19 Nov 1981 08:52:00 GMT
2020-05-28 14:34:22,601 DEBUG [main] headers:265 - << Host-Header: c2hhcmVkLmJsdWVob3N0LmNvbQ==
2020-05-28 14:34:22,602 DEBUG [main] headers:265 - << Pagespeed: off
2020-05-28 14:34:22,602 DEBUG [main] headers:265 - << Pragma: no-cache
2020-05-28 14:34:22,603 DEBUG [main] headers:265 - << Referrer-Policy: 
2020-05-28 14:34:22,603 DEBUG [main] headers:265 - << Response: 200
2020-05-28 14:34:22,604 DEBUG [main] headers:265 - << Server: nginx/1.16.0
2020-05-28 14:34:22,604 DEBUG [main] headers:265 - << Set-Cookie: PHPSESSID=61f415259c79ff29b1a40d2b57c0b90a; path=/
2020-05-28 14:34:22,605 DEBUG [main] headers:265 - << Set-Cookie: ezoadgid_133674=-1; Path=/; Domain=restapiexample.com; Expires=Thu, 28 May 2020 22:04:23 UTC
2020-05-28 14:34:22,605 DEBUG [main] headers:265 - << Set-Cookie: ezoref_133674=; Path=/; Domain=restapiexample.com; Expires=Thu, 28 May 2020 23:34:23 UTC
2020-05-28 14:34:22,605 DEBUG [main] headers:265 - << Set-Cookie: ezoab_133674=mod55-c; Path=/; Domain=restapiexample.com; Expires=Thu, 28 May 2020 23:34:23 UTC
2020-05-28 14:34:22,606 DEBUG [main] headers:265 - << Set-Cookie: active_template::133674=pub_site.1590701663; Path=/; Domain=restapiexample.com; Expires=Sat, 30 May 2020 21:34:23 UTC
2020-05-28 14:34:22,607 DEBUG [main] headers:265 - << Set-Cookie: lp_133674=http://dummy.restapiexample.com/employees; Path=/; Domain=restapiexample.com; Expires=Thu, 28 May 2020 23:34:23 UTC
2020-05-28 14:34:22,607 DEBUG [main] headers:265 - << Set-Cookie: ezovuuidtime_133674=1590701663; Path=/; Domain=restapiexample.com; Expires=Sat, 30 May 2020 21:34:23 UTC
2020-05-28 14:34:22,608 DEBUG [main] headers:265 - << Set-Cookie: ezovuuid_133674=42dace34-ac84-47e8-4465-f17a03023ca7; Path=/; Domain=restapiexample.com; Expires=Thu, 28 May 2020 22:04:23 UTC
2020-05-28 14:34:22,609 DEBUG [main] headers:265 - << Set-Cookie: ezopvc_133674=1; Path=/; Domain=restapiexample.com; Expires=Thu, 28 May 2020 22:04:23 UTC
2020-05-28 14:34:22,610 DEBUG [main] headers:265 - << Set-Cookie: ezCMPCCS=true; Path=/; Domain=restapiexample.com; Expires=Fri, 28 May 2021 21:34:23 GMT
2020-05-28 14:34:22,611 DEBUG [main] headers:265 - << Vary: Accept-Encoding
2020-05-28 14:34:22,611 DEBUG [main] headers:265 - << Vary: Accept-Encoding,User-Agent,X-APP-JSON
2020-05-28 14:34:22,612 DEBUG [main] headers:265 - << X-Ezoic-Cdn: Miss
2020-05-28 14:34:22,613 DEBUG [main] headers:265 - << X-Middleton-Display: pub_site_to_orig_sol
2020-05-28 14:34:22,613 DEBUG [main] headers:265 - << X-Middleton-Response: 200
2020-05-28 14:34:22,614 DEBUG [main] headers:265 - << X-Sol: pub_site
2020-05-28 14:34:22,614 DEBUG [main] headers:265 - << Transfer-Encoding: chunked
2020-05-28 14:34:22,619 DEBUG [main] DefaultHttpClient:509 - Connection can be kept alive indefinitely
2020-05-28 14:34:22,621 DEBUG [main] RequestSpecificationImpl$RestAssuredHttpBuilder:545 - Parsing response as: text/html; charset=UTF-8
2020-05-28 14:34:22,622 DEBUG [main] wire:73 -  << "800[\r][\n]"
2020-05-28 14:34:22,623 DEBUG [main] wire:73 -  << "[0x1f][0x8b][0x8][0x0][0x0][0x0][0x0][0x0][0x0][0xff][0xec]}{w[0xdb][0xb8][0xb1][0xf8][0xdf][0xf1][0xa7][0xa0][0xd9]s%[0xb2][0xa2](Q~$[0x11][\r][0xe7]x[0x13]g[0xd7]m[0x92]M[0xf3][0xd8]n[0xeb][0xa3][0xab][0x3][0x91][0x90][0x84][0x98]"[0x18][0x0][0xb2]#[0xdb][0xba][0x9f][0xfd]w[0xf0] [0x9]R[0x94][0x1f]i[0xba][0xb7][0xe7]wn[0xb6][0xb5][0xc8][0xc1]`0[0x18][0xc][0x6]3[0x3][0x90]<[0xda]}[0xf5][0xeb][0xcb]O[0xff]xj[0xcd][0xf9]"9[0xde]9[0x12]?V[0x2][0xd3][0x19][0xb0]Qj[0x1f][0xef]X[0x96]e[0x1d][0xcd][0x11][0x8c][0x8f][0x8f][0x16][0x88]C+[0x9a]C[0xca][0x10][0x7][0xf6][0x92]O[0xbb][0xcf]l[0xab]w[0xbc]s[0xc4]"[0x8a]3n[0xc5][0x90][0xc3].[0xba]f[0x11]E[0xdf]@{[\n]"
2020-05-28 14:34:22,623 DEBUG [main] wire:73 -  << "[0x13][0x86][0xda][\n]"
2020-05-28 14:34:22,624 DEBUG [main] wire:73 -  << "[0x18]M![[0xa5]Q[0x15][0x98][0xc1][0x19]b[0x19]Bq7%[0xdd][0x18]M[0x11]=[0xbe][0x84][0xd4][0x1a][0x8f][0xd1]5[0x10]noo[0xd6][0xa1][0xb8][0xf0][0x19]_0[0xf0][\n]"
2020-05-28 14:34:22,625 DEBUG [main] wire:73 -  << "r[0xe4][0xa7][0xe4][0xca]q[0x15][0x10]]rP H[0x6][0x8a][0xdb][0xe8][0xa2][0xb8][0xe4]h[0x91]%[0x90][0xa3][\r][0x80][0x8f][0xd9][0xaf][0x14][0xcf][0x0][0xa7]KT[0x10][0xf4]a[0x1c][0x83][0xe9]2[0x8d]8&[0xa9][0x83]<[0xee][0xa5][0xee][\r][0x12][0xd0][0xd3]K[0x94][0xf2]7[0x98]q[0x94]"[0xfa]b[0x13][0xe4]p/[0xf5]v[0x3]w[0x88]|[0xc8]9[0x8c][0xe6][0xb2][0xf4]E[0xe5][0xce][0xb1]Ijw[0x4][0xcd]!:W[0xd7]#[0x90]:[0xee][0xda]+[0xda][0xa7]hA.Q[0x3][0xb][0xaa][0xa0][0xce]E[0x3][0xd4]`$F&#[0xc6][0x9d][0xc1]H[0x8c][0x12][0xc4][0x91]U[0xf0]SH[0xd0][0x9f]!^[0xf2][0x11][0xa5]p[0x81][0xbc][0x18][0xc7][0xee][\r][0x9e]:1[0x8e]w[0x1]H[0x97]I[0xe2][0xca][0x2] [0xff]v[0xec][0xb1][0xdd][0x89]q[0x1c][0x8a]Q4[0xc1][0xc0][0x96][0xa0][0x18]E$F[0xf1]KB.0[0x2][0xea][0xee][0xf3][0x87][0xb3][0x97]d[0x91][0x91]Tp[0x15][0x93]h[0xb9]@)[0xf7]#[0x89][0xe2][0xca]Z[0x11][0x4][0x95][0x8a]>[0xcb][0x12][0xcc][0x9d]v[0xd8]v[0xc3])[0xa1][0x8e][0xc0][0xc1][0xa0][0x1f][0xe2][0xa3][0x8][0xfa][0x9]Jg|[0x1e][0xe2]N[0xc7][0xbd][0x91][0x95]A[0x4][0xcf][0xf1]([0xbc][0x9a][0xe3][0x4]9[0x91]/[0x94][0xf7][0x84];}[0x17][0x0][0xd0][0xb6][0xda][0xee]M[0x4]"[0x9f]-'[0x8c]S[0x9c][0xce][0x9c][0xc0]][0xef][0xe0][0xa9][0x13][0xf9]8[0x8d][0xd1][0xb7]_[0xa7][0x8e][0xe0]_[0xe0][0xf6][0xdd][0x1b][0x8a][0xf8][0x92][0xa6][0x96][0x89].Ju[0x93]^[0xa4]/[0xdc][0xf5]zG[0xa3][0xda]v)L[0x86][0xf8]O[0xab][0x97][0xd0][0x94][0xa8][0xec][0x8d][0x17]A[0x8e]f[0x84][0xae][0xce][0x94]d[0x13][0x12]AQ[0xec]g[0x94]p[0x12][0x91]D0:[0xe7]<cC[0xc1][0xad][0x12][0x9d][0xfa][0xe9][0xd8][0xa1][0xf5][0x11]EK[0x8a]B[0xeb]#\[0xa0][0x8f][0x98]#[0xf0][0x6]~[0xb][0xed]P[0xf5]B[0x89]+[0xef]J;[0x83]|[0xe][0xda][0xa2]7[0xdd] '[0xd5][0x1][0xed][0xd0][0x92][0x5][0xbd][0xb6][0xaa][0xc5]W[0x19]"S+Zdg[0xec][0xd7][0x14][0x0]`/[0xd3][0x18]Mq[0x8a]b[0xdb][0xbd][0xa9][0x8d][0x90][0xe6]$T[0x1d][0xae][0x12]([0xfa]U[0xa5]q{[)[0x91]:tS[0xd4][0x97]c[0xb6][0xc8][0xb4][0x8a][0x18][0x9a][0xe8][0xd8][0xe8][0xfa][0xe5][0xdb][0xf7][0xaa][0xe0]%I[0x19]J[0xb9][0xed][0xc9][0xda]aY[0xa1][0xb8]2[0xc7][0xd4]+[0xa1]z[0x88]B![0x9d][0x2][0x98][0xb][0xa8][0xe4][0xab]c[0x83][0xc0]vw[0x95][0xa0][0xb6]ty[0x8d][0x12][0x86],[0x93][0x90][0xe8][0xa7]-[0x7][0xb1][0x94][0xa1]*a[0xbb]516[0xe1][0x9c][0x97][0xed][0x8f][0xea]b[0xdf][0x82]u>[\n]"
2020-05-28 14:34:22,626 DEBUG [main] wire:73 -  << "[0xd7];[0xcd]e~[0xb6]ds'[0x9f]G[0xeb][0xb5][0xd6][0xc4][0xaf]K[0xb4]D[0xc0])[0x94]P[0xcf][0x12][0xb2]L9[0xe8]{8[0x8d][0xa8][0xf8][0xe1]h[0xc1][0xc0][0xf9][0xc8][0xe3]x[0x81]^[0xa1][0x4][0xae]^c[0x8a]b m[0xb7]7[0xcf][0xce][0xf2][0xf2][0xa4][0xbc][0x84]IB[0xae][0xde][0x10][0x18]+{*[0xa8][0x92][0xc9][0x17]p#Z[0x1a][0x16][0xcd]I#"[0xee][0xde][0x89][0x8b][0xc]R[0xb8]@[0x1c]Q[0xe6]a[0xf6]SB[0xa2][0xb]o"[0xfe][0xa2][0xf8][0xa7][0x95][0xa7][0xec][0xd2][0xdf][0xe7]([0x15][0xf6]A\{[0x19]%[0x11]B[0xf1][0xd9][0xf4][0x94]RB[0x15][0xeb][0xc]%S[0xc0][0xe7][0x98][0x85][0xe2][0x8f]/[0xad][0x8e][0xf8][0xa3]n[0xf3][0xa6]@~[0xa1][0xc0]e[0xc3][0xc0][0xb8]T[0xca][0xf8]B[0xfc][0x19]:%[0xdc][0xc2])[0xe3]0[0x8d][0xc4]h[0x9d]P[\n]"
2020-05-28 14:34:22,627 DEBUG [main] wire:73 -  << "W[0xee][0x8b][0xb2]px^^[0x8f][0x14]q[0xdd][0x15][0xa0][0x15][0xb0][0xe8][0x17]([0xae]T[0xc1]f7[0xc1]&(',[0xfb][0xad][0x86]![0x7][0x15][0xb5]*[0xd0][0xb3][0x14]s[0xc][0x13]|[0x9d][0x8f][0x9a][0xee]wE[0x80][0xa0]z[0x9b][0xd7][0xfd][0x94][0xf][0xfa]FM[0xc6][0x80][0xa1]8[0x9][0x99]9[0xb6][0xef][0xfb][0x96][0x80]Y[0xc0][0xb2];[0xd2]X[0x86]bDj,H[0x95][0xd0][0xf0][0x82]a[0x9][0xac][0x10][0xf1]a[0x96]%[0xab]aAI[0x8c][0xaf][0x80]3 [0xeb][0xe6]c[0x98]/[0x0]~[0xbb]D[0x91]C'[0xa6][0xb5][0xc4][0xd7][0xf3][0xfc]x[0xcf][0xbd])[0xa6][0xa9]Y[0x0][0x0][0xd8]s[0xa5]j[0x82]+[0x9c][0xc6][0xe4][0xea]\[0x96][0x9e][0xf7]G#}[0x15][0x14]W[0x83][0xd1]([0xdc]Fdp/[0x11]U[0xb5][0x82]U[0xe9][0xcb][0xa8]b3[0x5]t[0x17][0x80]v1[0xf5][0xdb][0xad][0x96][0x86]);YJ[0xc9][0x11][0x0][0xaf][0xa6][0xcd][0xae][0xa2]&[hP, e[0xee][0xea][0x15]_[0xce][0xf2][0xf3]T2[0x91]W[0xca]uWc[0xaa]1[0xee][0x8a][0xd6][0xeb][0xf6]+12[0x12]M[\r][0x8f][0xd6][0x89][0x93]$q[0xa4][0x85][0xf1][0xa6]8A[0xb5][0xb9].[0x96][0x96][0x86][0xc9]-[0x9d]AO[0xba]|[0xdf]1[0xab][0xe5]z%[0xfe][0xa8][[0xe5]Y[0xca][0xbf][0xf9][0x9c][0x9a]"[\n]"
2020-05-28 14:34:22,630 DEBUG [main] wire:73 -  << "[0xe4][0xdf][0xef][0x99][0x92][[0xa7][0xcf][0x83]'[0xe0][0xf][0x9d]g[0xdb][0xe6]S9up[0x82][0x8c][0xf9]'[0xe5][0x17]QP[0xae][[0x14]A[0x8e]N[0x13]$[0xee][0x9c][0xb6]r[0x95][0xdb]n[0xc8]"[0xea]3[0x1a])I[0xe2][0xa9][0xa3][0xe4][0xa8][0x87]^[0x14]*[0x80]l,[0x9f][0x0]J[0xb4][0x6][0x8e][0x2][0xa8][0x9][0x1e]Q[0x9f][0xa4]H[0x89][0xa8]f'[0x94][0xe][0x9d]~[0xf8][0xb0][0xa1]E[0xba]{JR[0x92][0xce]6e[0xac][0xe9][0x9b]n[0x8f]"[0x18][0xaf][0x18][0x87][0x1c]Es[0x98][0xce][0x10]P[0xe0]D,E[0xb5]eNb[0xc9]rY[0xe9][0xa3][0xb8][\r][0xef]Tq<u[0x9c]]Y[0xed][0xf6][0xb6]'H[0xa2][0xf8]6[0xd2][0x3][0xde][0xf3]9b[0xdc][0x91][0xa5][0xae][[0x8c]S[0xd5][0xbe]=[0xb0]/[0xeb][0xb0][0x18][0xad][0x19][0xe2]z[0xa8][0xd8]O[0xab]Op&[0xac][0x84][0xd3][0x16][0xf1]W[0xdb]=[0xef][0x8f][0xc4][0xec]Gi[0xfc]r[0x8e][0x93][0xd8]a[0x11]U[0xb5][0xf3][0x8e]Z8[0xc5][0xdc]qo[0x94][0xa9][0xd9][0x8c]Ql[0xd1][0x7][0xdb][0xab]h[0x17][0x17][0x8a]H[0x96][0xdc]t[\n]"
2020-05-28 14:34:22,631 DEBUG [main] wire:73 -  << "j[0xb][0xa1]o[0xed]O[0xaf]N[0xdf][0x9c][0xfc][0xc3][0x92][0xf2]j[0xd7]M[0x80]w[0xd0][0xef][0xf7][0xc5][0xaf]Tha[0x8c][\n]"
2020-05-28 14:34:22,632 DEBUG [main] wire:73 -  << "[0xbe]`[0x1c][0xbf][0x16][0x1e][0xf8][0xf7][0x19][0x5]/[0xa3][0x98]P[0xcc]Wj[0x1c][0x85][0xe5][0x2])[0xba][0x12][0x1e][0x86]?[0xfd]~[0xb2]r|s[0xd2][0xc5][0xd0]h[0xff]FYF [0xda]R6<[0xd9][0x84][0xef][0xe0][0x1a]$[0x8c][0xe6]([0xba]8[0x9b][0xfe][0xa4]Zw[0x4][0xac]"[0x7][0x86]x[0xe1])9[0xc]qN&[0x84]$[0xee]M[0xe9]>[0x15][0xc0][0x9a][0xf4][0x96]iT[0xba]Ow[0xbb]Np[0xc9][0xc9][0x99][0xec][0xf3]=.[0x94]!W1[0xff]U[0xb5]\[0x10][0x85][0xd1][0x95]a[0x9d]p[\r];[0x9d]pS[0xfc][0x8f][0xe0][0xeb]~[0x97][0xee][0x8f][0x1f][0x10][0x18][0xc7][0x9f]Je7U[0xe9]~]S[0xfe][0xf0][0xf9]H_[0xa8][0xbf][0x92][0xe7]PT[0xab][0xd8][0xf8]b[\n]"
2020-05-28 14:34:22,633 DEBUG [main] wire:73 -  << "I[0x89][0xb6]-a[0xb8][0xdb][0x9d][0xb6][0xf5][0xfa][0xec][0xcd][0xe9][0xae][0xa5][0xa6]U[0xdb][\r]7[0xfb][0x14][0xfe]k][0xda]6<M[0xbd][0xdb]:[0x94]EGE/[0x1e][0xdd][0xc3][0xcf][0xef]^~:[0xfb][0xf5][0xdd][0xf][0xee]eS[0xb9][0xd0]b[0xad]v9Hk[0xd1][0xed]m9[0xc3][0xd4]z[0xeb][0xea][0x98]S[0xf6]C[0xdb]1[0xa7][0xd2]B[0x8d][0x92]$^[0xef][0xb4][0xa2][0xde]j[0xd5][0xc]f[0xde][0x86]\[0xfc]d%5[0x91],=[0x19],`}:{{jI[0x81][0xec][0xda][0xae][0xe][0xa0]-)C[0xe9][0xc3][0xc9]J[0xc5][0xd4][0xd9][0x8c]An[0xaa][0xa9][0x8f]*[0xfa]F[0x1a]d[0xa2][0xdc][0x9f][\n]"
2020-05-28 14:34:22,634 DEBUG [main] wire:73 -  << "[0xd2]9[0x96]~[0x9f][0x14][0xbc]?[0x87][0xec][0xd7][0xab][0xf4]=%[0x19][0xa2]|[0xe5]H$[0xf7]![0xdd][0xb0];[\n]"
2020-05-28 14:34:22,637 DEBUG [main] wire:73 -  << "[0xb7][0xda][0x83][0xdc]]([0x85][zC[0xb9][0xc8][0xd4][0x88][0xcb][0xda][0xa3][0xc2][0x1][0xc8][0xe7][0xbc][0xa6][0xa6]<[0xa3][\n]"
2020-05-28 14:34:22,641 DEBUG [main] wire:73 -  << "9[0xa3][0x8a][0xe1][0xd8]~'[0x9f]e[0xae]F[0xb7]T[0x8e][0xbe] [0xb5]`3%[0xbf]9ES[0xed][0xbf][0xfb]E[0x86]F[0x0][0xa5]A[0xa4]h&'[0xd1][0x7]4;[0xfd][0x96]9[0xed][0xf3][0x17][0xad][0x11][0xba][0xfe][\n]"
2020-05-28 14:34:22,642 DEBUG [main] wire:73 -  << "[0x9c][0xf3][0xff]n[0xfd]i[0xf4]g[0xb7][0xed][0xb5][0xb1][0x8e]UTN[0x2]P4[0xf3][0xd1]7[0x14]9[0x82][0x86][0xab][0x89]0[0xa0]J_[0xa8][0x9f][0xf3]`4[0xcc][0xa3][0x1a]Q[0x8][0x80][0x1d][0xd8]nDRF[0x12][0xe4][0xc7]h[0xb2]T[0xc][0x9a]L[0x9b][0xeb][0xf1][0x8d][0x8c][0xea];[0x1d][0x99][0xec][0x10][0x97][0xc7][0x83]~?[0xd7]z[0xe9][0xf5]$[0x88][0xb7][0x99]5#v[0xb1][0x90][0xcb]i[0xe9]h[0x83][[0x83]&9t[0xb3]=[0x8d][0x80][0x19]7[0xf4][0xd2][0xc2][0xa9][0xa5]@x*[0xcb][0xea]J[0x86]K[0x5][0x8b]H[0xca]q[0xaa][0xf3][0x6][0xd2]([0x89][\n]"
2020-05-28 14:34:22,643 DEBUG [main] wire:87 -  << "[0x86][0x86]VG[[0xcd][0xe8][0xda][0xfc][0xbc][0xbd][0xd5][0x88][0xa6][0xa7]\[0xe0][0xaa][0xa2][0xaa][0x92][0x95][0xb4][0xab][0xf0][0xaa][0x16][0xb5][0x87][0x96][0xf4]i[0xdb]nU[0xad]78j[0xa8][0x98][0xfb][0x8a][0x16]L[0xa4][0xcb][0xb9]Ic[0x93][0xd9][0x6]2[0xb8]D2([0xa9]U[0xb0]n[0xbf][0xd6][0xeb][0x1d][0xe5][0x4]"
2020-05-28 14:34:22,644 DEBUG [main] wire:73 -  << "[\r][\n]"
2020-05-28 14:34:22,644 DEBUG [main] wire:73 -  << "800[\r][\n]"
2020-05-28 14:34:22,645 DEBUG [main] wire:73 -  << "jM[0xbf][0xd1][0xae][0xd7]P[0xff]z0[0x8e][0x8b][0xd5]nX_[0xfe]<[0xed]j[0xc][0xf5]o[0x89][0xad][0x81][0x95][0x95]Ee[0x8a][0x86][0xf2][0xaf]W[0xea][0xde][0xb0][0xbc][0xf4]L[0x87]gh[0xde][0xac][0xc3][0xb5][0x9b]g[0xf2]UHR[0xcb][0xbd][0xab][0x99][0xc7][0xb7][0xc5]1[0xb6][0xaa]d[0xbb]![0x97]Q[0xc][0xf2][0xb8][0xe]Xv[0xfb][0x1e][0xf7]ED[\r]l[0x8e][0xbe][0xf1][0xde][0x17]x[0x9]5[0xb2]w[0xb7][0x9b]m[0xb]7[0xdb][0xde]p[0xb3][0xb9][0xab][0xb3]g1[0x91][[0xc][0xf9]&[0xc5]+[0xc2]_A[0xe]A5[0xe4][0xbd][0x84][0x89][0x91][0xe0]S[0x19][0xe4]][0xd0]V[0x93][0xba][0xdd]j[0x19]Ic[0x99]A[0xb8][0x84][0x89]t[0xb3][0xce][0x83]QX[0xf8]\[0xe7][0xfd]Q[0xb8][0xde]i[\n]"
2020-05-28 14:34:22,646 DEBUG [main] wire:87 -  << "~[0x5][0xfa]%L[0xc2][0x92]%r[0xb8][0xf]n[0xc6][0x17]h[0xf5][0x91][0xd3][0xa1]}[0xf2][0xd3][0xcb]W[0xa7][0xaf][0xfe][0xe5][0xec]/}[0xf3][0xf6][0xdd][0xaf][0xef][0xff][0xf6][0xe1][0xe3][0xa7][0xcf][0xbf][0xfd][0xfd][0xf7][0xfc][0x13]N[0xa2][0x18]Mgs[0xfc][0xe5]"Y[0xa4]$[0xfb]"
2020-05-28 14:34:22,646 DEBUG [main] wire:73 -  << "J[0x19]_^^}[][0xf7][0x83][0xc1][0xde][0xfe][0xc1][0xe1][0xd3]g[0xcf];=`{([0x8d]Hl[0x84][0xf2][0xc5]X[0xd8]*[0x91][0x9f]z[0xd4][0xc3][0x1e][0xf3][0x88][0xb7][0xf4][0xa0][0xca][0xc1][0x80]~[0x88][0xc0]O[0x90][0xa1][0xc3]}[0xbc][0xe4][0xd3]gcE[0xc4]A[0xae]N[0xbe]O[0x8f][0x8a][0xfc][0xeb]M[\n]"
2020-05-28 14:34:22,647 DEBUG [main] wire:73 -  << "[0x90]L[0xc5][0xbf]$1:[0xe1][0xce][0xb4][0xd3]qC[0xda][0x0][0xc3][\r]0[0x6][0xd2][0xe3][0xe3]AH[0x80][0x93][0xb6][0xf6][0xdc][0xa3][0xa3][0xfd][z|[0xbc][0x1f].[0x81]C[[0xc1][0x81]{t4[0xb8][0xc5][0xc7][0xc7][0x87]![0x4][0xb8]u[0xb8]'[\r][0x8]{[0x7][0xdf]9[0xd4]uo[0x96][0x0][0x82][0xc3][0xfd]r[0xe][0xca][0x2][0xec][0xba]7[0x12][0xcc][0x1][0xef]H[0x19]kY[0xe6][0xbb][0x5][0xcc]m[0x4][0x93]f[0xf0][0xb2][0x19][0xc][0xdd]u[0xbe][0xf4][0xac]=[0xb5][0xa1]q[0x8f][0x80][0xd5][0x82][0xb1]!d[0xe4]S[0x94]%0BN[0xef][0xfc][0xbf]O[0xba][0xff][0x84][0xdd][0xeb]~W[0x8c][0xdb][0xa8]7[0xf3]l[0xbb]I[0xdc][0xc]T8[0xca][0x13][0xde]([0xe7]M[0xc8][0xd5][\r][0xc9][0x83][0xb0][0x96][0xf][0xc2][0x82][0xf][0xc2]J[0x1][0x13][0xc3]E[0xc4][0xf8]Q[0xe0][0x10]5~[0xfb][0xb7]K1[0xc0][0x18]8K9[0xc0][0x87][0xb7]0[0x14]C[0xf3]Q[0xce] J[0xc9][0xe2][0xa5][0xd6][0x9]'[0x95]![0xc3]r[0x17][0x1c][0xee][0xbb]7[0xdb][0x90][0xa8][0xbb][0x16][0xe1][0xcd][0xdd]H[0xd8]][0xaf]yU[0x83][0xd5](9[0xbc]t[0x1a][0xd6][0x9e][0xa9][0xdb][0x95][0xf1][0xab][0xc][0xc]M[0xc5]X[0xa4][0xb6]Z[0xda][0xe5][0xb0][0xe6][0xeb]b[\n]"
2020-05-28 14:34:22,648 DEBUG [main] wire:73 -  << "[0xfa]aZ[0x8c]M[0x98][0xe6].ZM[0xfd]U[0xc7][0xe8]Q0x[0xe6][0xde][0xf0][0xe][0xd8][0xd2][0xaf]\[0x93][0xe9]q0x[0xda]j[0xd1][0xa3]A[0xff][0x8e][\n]"
2020-05-28 14:34:22,648 DEBUG [main] wire:73 -  << "[0xc7][0xc7][0x87][0xb7][0xc1][0xf3][0x81][0x1b]nCh[0x1d][0xee][0xdd][0x8a]&[0xd5][0xda][0xb2][0x9d]L0[0xb8][0x1d][0xc][0xf6][0xb7][0xd3]9>>[0xcc]I[0xdd][0xdf][0xd6][0xba].[0xde]{[0xa7][0x7][0xe8]+[0x9f][0x9]D[0x1][0x88][0x6][0xa0][0xaf]u>5t[0xfe][0xbb][0xe4])[0x86][0xc3][0x94][0xe9][0xf3]@[0xca]t[0xb0][0xef][0xde]D[0x83][0x1a][0xc1]N[0xb0][0xb5]k[0xe]m[0xed][0x5]Rs[0xa3]A[0xeb]pO[0x90][0x5][0x3]%[0xd2]F2[0xd1]^[0x1d][0xb8]}[0x88]r+[0x17][0xc]n[0x1d]E][0xb6][0xb3][0x97][0xb7][0xb3]g[0x88][0xd3]X#b[0xc8][0xe1]'[0xf2][0x91][0x1b][0xa9][0xb9][0xc]C[0x89]X[0xc0][0xcc][0xfd][0xa8][0x2]X[0xdf][0x82]RD[0xcf]G[0xeb][0x1d]NWU/[0xcf] T\[0x9e][0xe3][0x91]\[0xaa][0xea][0x80]N[0xbb][0x1d][0xae][0xd7][0x11][0xe4][0xd1]\[0xc]k[0xe1][0x17]x[0x6][0xcf]3[0xc4]_[0xbe][0xac]'[0xf1][0xa4]+KWB[0x16][0xc0][0xfe][0xfd]w;,y[0x1f][0xa3]k[0xf8][0xb5][0xba][0xd5][0xd6]jI`[0xdd][0xf5][0xb4]5[0x15][0xdb][0xd5]n[0xb2]&[0xa8][0x90]5$,[0x98]3P[0xc2]*[0xaf][0xce]^[0xd5][0x19][0x8c][0xc9][0x2][0xe2][0xf4],[0x6]v[0xff];[0x99]S[0x14][0xc6]8[0x16][0xec][0x15][0xe4][0x14]nQ[0xe6]s[0xa2][0xd4]C[0x6][0xad][0x9a][0xd1][0x1c][0xb9][0xc6][0xe5]iF[0xa2]y[0xc9][0xa7][0xba]7G[0xfd][0x11][0xcc][0xf1]1[0x12][0xb5][0x5]k[0x9a][0xae][0xc2][0xd3][0xf0][0x92][0x17]UZe[0xe4]=[0x9c][0xa1]K[0x8c][0xae][0xce]6r[0xb3]YYb[0xa7][0xd8][0x4][0x89][0xb1][0xa0][0xa1]%g[0x90]T[0x15]L[0x84][0x92][0xcf][0x12][0xad]&[0xb5][0xcf][0x1f][0xde][0x18][0x93][0xe5][0xdb][0xe7][0xf]o[0xa4][0xc8]r[0xce][0xd0][0xf5]_[0xd8][0xb2][0xce][0x99][0x4]j?[0xfe][0xf6][0xd6][0xe8][0xc4][0x98][0xc1][0x86]^[0x8c][0x19][0xdc]@[0xc6][0xec]d[0x91][0xd5]w[0x81]$[0x10]l[0xe0][0xa2][0xeb][0xbf]o[0xa0][\n]"
2020-05-28 14:34:22,648 DEBUG [main] wire:73 -  << "X[0x8e][0xe9][0xde]H[0xbe][0x81][0xdd][0xeb][0xcd]|tMp[0xe4][0xa7][0x88][0xdb][0x1d][0x9]5D[0xa0]n[0xcb][0xde]c[0xf6][0x1b]Lp[0xdc]h+[0xaa][0x89][0x87][0xa2][0xa0][0x92]s[0xc0]S[0xc7][0x9c][0xf8]F[0xf6][0xc2][0xf4][0x9b][0x8b][0xb0]=[0xf]je[0x9c][0xe5][0xd8]g[0xe9][0xa5]h][0x1e][0x12][0xf2]-[0xdb]3I[0x15]k[0xb1][0xac]Z[0xc6][0xef][0xa2][0xbb][0x95][0xe][0xbc]R[0x2]1[0xf5][0xac][0xca]9[0xa4]3[0x19][\n]"
2020-05-28 14:34:22,649 DEBUG [main] wire:73 -  << "[0xb0]:[0xe7]Z[0xb6]E[0xf9]9[0x1e][0x81][0x8a][0x8c]ookejs[0xae][0xd6][0x8b][0x13][0x8d]c[0xa5][0x84][[0xba][0xaa][0xe8]MQ[0xf7][0xc1]]9IW[\r][0xbd][0xd1]I[0x83]e[0xc2][0xf5][0x6][0xd2][0xf7]w[0xaf][0xae]B[0xb5][0xb2][0xfc][0x8c][0x86]lKr'ST[0x1a][0xb0]e[0x10]M[0xb6][0xad]\[0x16][0xec][0xe]a[0x14][0xfd]Wt[0xab]s[0xf1]cB[0xf8][0x99]ikYB[0xb8][0xce]abej[0xc5][0xb2]$[0xee][0x17]0[0x3]f[0xd5]O[0x90][0xce][0x10][0xc7][0xe9][0xec]-[0xcc]T5/[0xbe][0xc4]q[0x5]G[0x87][0x82]g[0xb1]B[0x10][0xf6]G[0xe0][0x14]~[0xab][0x1d][0xe3][0xcb][0xee],[0xe3]][0x11][0x1e][0xea][0x3]4[0x9a][,mI)[0xd7][0x5][0xcc][0xea][0xa7]=[0xf2][0x81][0xb9]@+[0xb1]\.`&[0x7][0xe2][0x2][0xad][0xca][0xc3]9[0x18][0xc7]mu[0xe2][0xa4][0xd5]*)[0x9d]_[0xa0][0xd5][0xe8][0xbc]?[0xda]8?[0x82]c`[0x14][0x87][0x13][0x8a][0xe0][0x85][0x88][0xfd][0x1b]VV[0xc9]`[0xd8][0xd8][0xdb][0xba]8[0xcb][0xa8]U[0xdc][0xfb][0x5][0x9e][0x88]_K[0xfd]([0xba]^E[0xd2][[0xdd]f[0x99][0x1e][0xb8]R[0xba][0xee][0xba][0xca][0xc9]I[0xfc]9[0xc5][0xfc]=[0xe4][0xf3]{X)[0x11][0xef][0xe2][0xa5][0xc4]jf[0xa6],[0xdf][0xe0][0xe4]#[0xbe]F[0xec][0x1e]&$[0xce]][0xed]K[0x84]-r[0x10]Ej[0xdf][0xb2]Q9[0xab]M{[0x17]h[0xb5][0xd1]|[0x81]{[0x17][0xb][0x5][0x92][0xd4][0x8d]f^[\n]"
2020-05-28 14:34:22,649 DEBUG [main] wire:73 -  << "[0x1c][0xa1][0x82][0xae]L5l[0xe1][0xea]-[0xcc][0xee][0x91][0xc9][0xe3][0x98][0xba][0x87][0x1f]1C7D[0xa4][0x6][0xad]d[0x3][0xc6][0x1f]sF[0x1a][0xcf]s[0xd6]R[0xc8][0xcd][0xea][0x96]S[0xd1]gI[0xec][0x9e][0xed][0xfa][0x19][0xc9][0x1c][0xb7]c[0xdf][0xfe][0xf][0xba][0xfe][0x9f][[0xbb][0xd3]l[0x1f]t[0xbd][0xd2]Z[0xdd][0x83][0xa6][0xba]2[0xc1]|[0xe3][0xd0][0x95]\[0xd5][0xe4][0xd9][0xa9]|[0x8d][0x8e][0x11][0xa7][0x4][0xf3]h[0x8e]#8#[0xbd][0x19]E(%[0xf0][0x82][0xf9]3<[0xb5][0xcb]=[0xde][0x93]8>I[0xe3][0xd7][0x98][0xa2][0xf7][0x82][0x84][0x93]][0x9e][0xc5][0x9e][0xb1]@[0x9f][0xc4]qcA([0xaa]T[0xb7]8[0xb6][0xa1][0x16][0xc2][0xad][0xac][0xa5][0x12][0xcb]m[0xb5][0xea]n[0x82][0xe1][0x1d][0xe8][0x8][0x80][0xa9][0xe3]g7BS[0x86]v[0xee]a[0xd9]^~5[0xc6][0xf1]P6Y[0xb8][0xb3][0xc3][0x9a]W[0xed][0xb8][0x9e][0xf6]([0x87][0x1b][0x9e][0xac][0xd3]w=[0xe1][0x1b][0xc]7[0xa3][0x1b][0x83][0x95][0xb5][0xbb]6z[0xaa][0xfa]n[0xac]E&[0xf0][0x12]3<[0xc1][0x9][0xe6][0xea]@@}-[0xdc][0x86]'[0xe2][0xa3][0x8c]"[0x8a][0xd2][0x18]Q[0xbb][0xd8]Mj[0x96][0x9b][0x94][0x89][0xdb]ji[0xe1][0xe8][0xe3]I}[0xf7][0xc6]I[0xd1][0x95]u[0xb6][0x80]3[0xe4][0xb8][0xae][0xcc]c[0xd6]<P[0xed]xv[0xec][0x17]D([0xb7][0xdd][0xb9]K[0xe9]_[0x4][0xc3][0xbe][0xdb][0xb1][1[0x3]vg[0xc2][0x9]t[0xfe][0xf2][0xf1][0xd7]w[0xbe]J=[0xe2][0xe9]*gD[0xe8]@[0xa1]~[0xb9]&[0xb][0xbd][0x19][0xe6][\n]"
2020-05-28 14:34:22,650 DEBUG [main] wire:87 -  << "[0xe1][0x95]J6[0xac][0xe9][0x9b]'[0x81][0xe2][0xcf]Zfp[0x8f]z*[0xb9]z[0xfc][0xe3]N[0x81][0xcb].f(y[0xc0][0x9c][0xc9][0x8][0xcd][0x8]f[0x8][0xa6][0xbc][0x7][0xe9]bu[0xcf]\Q[0xf3][0xb2]q[0xb6][0xd4][0x8b][0xbc]~[0xfe]_[0xd3][0xcc][0xf9][0x19][0xf1][0x97]KJQ[0xca]em[0xe6][0x14][0x6]G[0xf1][0xd8]8[0xcb]6[0x9a][0xa0][0xe8][0x12][0xa5]K[0xe4]![0xc6][0xc7][0xf9][0xf5][0x4][0xc7][0xe3]iB[0x8][0x1d]Oq[0x92][0xa0][0xd8][0x0]d[0x14]]z[0x8c]C>fdI#4[0xd6][0xc7][0xb1]w[0x1b]tN[[0xa0][0xdb][0xdb]FGR[0x17]o[0xac][0xd0][0x9e][0x86][0x97]K[0xe1][0xdf]U[0xce][0xe8][0xc2]x[0x9c][0x11][0x86]E[0xf7][0xc6]8[0x6][0x19][0xa4][0xc][0x9d][0xa5][0xdc]i\E[0xf2]~[0xb7]a[0xd6]vUJ[0xc]/[0xb2][0xb3][0xaa][0xb][0xa6]=[0xbc][0x9c]o[0xf]*[0xb3][0xbf]i[0xbe][0xb][0xdb][0xaa][0xb2][0x1][0x92][0xd0][0xc3][0xda][0xb7][0x5][0xb6][0x8c][\r]e[0xdd][0x4][0xa7][0xe8][0x8c][0xa3][0xc5]Y[0xac][0xd3]Ir[0x83][0x1]_[0xa2][0x2][0x80][0xae][0xf1]BF*[0xc2][0xf2][0xe8][0xeb][0xa2][0xf9][0xd2][0x94][0x14]h[0xa0]M&_P[0xc4][0xdb]rTr[0xb0][0x9f][0xd3][0x1d][0xcb]S[0xf3][0x85]qqo[0x8c][0x6][0x9b][0x90][0x95]_Y[0x94][0x8]~[0xc7][0x98][0xa3][0xc5][0x6][0x1d][0xa3]'[0x8d][0xd8][0xa1]r[0xd8][0x1b][0xb4]D[0x8e][0x83][0x96][0xf5]wXv[0xbc][0xc8](b[0xc][0x93][0xd4][0xf6][0xca]ka[0xce][0x15][0xe1][0xbb][0xcc][0xfb]2[0xc5]|[0xa8]Z[0xbe][0xdb][0xd4][0xeb][0x89]1l[0x98],Cs[0xe2][0x18]:9[0xac][0xea][0xa7](b[0xf8][0x1a][\r]m{cz[\r][0xef][0x99]o[0xc3];[0xa7][0xdf][0xb0]z[0xeb][0xe9]L[0xd1]"
2020-05-28 14:34:22,650 DEBUG [main] wire:73 -  << "[\r][\n]"
2020-05-28 14:34:22,650 DEBUG [main] wire:73 -  << "800[\r][\n]"
2020-05-28 14:34:22,651 DEBUG [main] wire:73 -  << "X[0xe6]/[0xab][0x89],[0xc7][0xad],[0xcd]i[0x11][0xc7][0xf5][0x84][0x92][\n]"
2020-05-28 14:34:22,651 DEBUG [main] wire:73 -  << "[0x4][0xa5][0xda][0x9e]9[0x8e][0xc3]r[0xa0]=CO[0x86][0xa5][0x1e]=h][0xc][0xd7][\r][0xc6][0xe9][0xa7][0xd5][0x99]T[0x87][0xd7][0xcb]$[0xa9][0xfa][0x2]b&\[0xc2][0x84][0x81][0xa2]4?[0x81][0xdb]k[0xbb][V[0xbc][0x2][0xd5]m[0xb5]D][0xe3][0xe0][0xed]=Z[0xa6][0xac][0x8b][0x9c][0xfb][0xa2][0xe2]y[0xe4])c![0xef][0x6][0xa3][0xf0]K[\r][0x1f]4x[0x8f][0x16][0xff][0xa8]_R,[0xb6]b[0x95][0xfd][0x11].[0x9][0xe3][0xf7][0xfa]$[0xa5][0xc][0xf4]I[0x8b][0xed][0x99][0xb0]"F[0xd6][0x98]y[0x96][0xb0][0x82][0xf9][0x80][0xe4]j[0xde][0xc5][0xe][0xb0][B[0x8e]|[0xbc]\[0xe2][0x18][0xd8][0x1d]Y[0xf7][0xbc]][0xc2][0xda][0xa3]p[0xbd][0xb3][0xe9][0xad][0xe5][0x4]L[0x87][0xca]\[0xfa][0x1b][0x16][0x8e]j[0xda][0x15]/[0xc6]qc[0xa6]]g[0x85]v[0xca][0xf9] [0x1f]dxP8#&[0xa6][\n]"
2020-05-28 14:34:22,652 DEBUG [main] wire:73 -  << "g[0xc2][0x86][0xc6][0x8a]UJ[0x8a]H[0xc0][0xea]B*[0xdb]s[0xcb]8J[0xa1][0x9e][0x97]e[0xb2][0xa3]:[0xb5]![\n]"
2020-05-28 14:34:22,653 DEBUG [main] wire:73 -  << "[0xff][0xaa][0xd2][0x1b][0x1a][0xb1]X[0x2][0xff][0x8a]V[0x1b]l[0x1][0x0][0x8c]6[0xea]M[0xe8]Z",[0xad][0x1f][0xcf]y[0xa4][0xab]z[0x12][0xc7][0xc2][0xae][\r]M#W[0xfa][0xaf][0xde][0xcf]H{o[0xc3][0xba];[0xe7][0xe9][0xe3][0x9][0xa2]o[0xa7][0xd7][0x4]G[0x12]l[0xa6][0xdf][0xd4]q[0xed]b[0xcc][0xcb][0xdb][0xcf]4[0x1]vO&[{H[0xb9][0xa3][0xf][0xcc][0x1a]?.m\`7[0xcf][0x1a]3[0x18][0xdf][0xcc][0x1f]oO [0xbb][0xf5][0xc]r[0xbd]g[0xd5]Lr[0xa5]T[0x9f]X[0xd0][0xfb][0x2][0xfd][0xef]K[0xe3][0x9b][0x1b][0xc][0x6][0xb5][0xca].[0xc3]z][0x1b][0x99]m[0xe7]0[0xee]>AQ[0xd6]W[0x8f][0xdb][0xc9]C#2[0x91][0xc9][0xe9]2[0xe2][0x84][0xe]K[0xc]C[0xcd][0xce][0x16][0x99][0x4][\r]k9[0x9]s[0xd1][0x94]-[0x9d][0xc4]q[0x8e]{gx![0x91][0xb][0xad]e[0x8e][0xbb]6Z{[0xff][[0xad][0xb1]z[0xac][0x9e]7[0xa5][0x11]7[0xc2][0xfe]f[0xea][0xf7]w[0xe2]GE'[0xdb][0x83][0x13][0x1d][[0xfc][0xe8][0x18][0xe5][0xc7][0x84]([0xda]g[0x1c]CJ[0xe1][\n]"
2020-05-28 14:34:22,653 DEBUG [main] wire:73 -  << "l[0xe4][\n]"
2020-05-28 14:34:22,654 DEBUG [main] wire:73 -  << "[0xf3]>[0x9c][0xf7]G&:[0xa8]T[0xf3][0x13]c[0x9b][0xae]c[0xb3];[0xd5][0xe2]/[0xe6].[0xde][0xc6][0xe6][0xe1][0x8f][0xdb][0xee]|[0xec][0x8e][0xa2][0x99][0xd0][0xfe][0xc1][0xbb][0xaa]jp[0xbe]+[0xfe][0xab][0xe6][0x92][0x8d]8[0xec][0xfe][0xc0]&[0x9f][0xf8]8[0x86][0x1c][0xc9][0xd5]x#[0xb2][0x91]&D[0xe2]E$[0xbd]DT[0xee]Q[0xd5][0xbd]7[0xc3][0xce][0xaf][0xb][0x9a][0x8b][0xbf][0xd1][0xf3]4,[0xde][0x8f][0x8c]{[0xf4][0xef][0x1f][0x19][0xfc][0x18][\n]"
2020-05-28 14:34:22,654 DEBUG [main] wire:73 -  << "[0xa0][0xbc][0xe2]r[0x87][0xdf]]W,[0x90]\[0xa1][0xb]+[0xb4]5[0x4][0xf9][0xe3][0xf7][0xd5][0x95][0xaa][0xfe][0xd0][0xd0][0xe7]n=[0xdc][0x8c]}[0x8c]dI%[0xfe][0xf9][0x8f]S[0xd6][0xe6]![0xbe]w[0xed][0xfa][0xdf][0x1a][0xd8];[0xf3][0xdb][0xff]vc[0xf1][0xa0][0x84]x![0xfa][0x7][0x8a][0xbb]\[0xe1][0x87][0x86][0x9b][0xfa]o[0xb],[0x8b][0xb5][0xb6]Y[0x94]F[0xd7]s[0x89]> [0xf9]][0xf1]&[0x1f][0x17]`jW[0xdc][0xee][0xa8][0xb3]y[0x95][0xf7]J[0xd4]"N[0x93]7W[0xfb][0xac]e:[0xdc]{[0x87][0xae][0x84]P[0x87][\r][0xee][0xa4][0x8e]F[0x4][0xdf]U[0xdf][0xb3][0xc4]Y{u[0x8d][0x18][0xfe][0xaf][0x9f][0xb8][0xba][0xfb][0xc0][0x95]g[0xaa]z#[0xb3][0xff][0xda][0x91][0x8f][0x9a][0x97]~[0xdf][0xa9][0x8f][0x92][0xfc]c[0x8e]~[0xe8][0x8d]6[0xb8][0x8c]P[0xf6]C[0xb6][\r][0xb6][0xed][0x17][0xfc][0xff][0x99]n[0xf][0x8d][0xa5][0xe7][0x8e][0x94][0xfb][0xbf]%[0x89][0xc][0x97]R[0xe8]?&uW*L[[0x83][0xda][0xa3][0xbb]<[0xa4][0x1f][0x90][0xb0]-}$[0xfd][0x9c][0x86][0xc9][0xc4]Fa{T[0xf7][0xb1][0x1a][0xb1]EI[0x5]U;l[0x8d][0xc8][0xaa]LtT[0x89]r,{e[0xe2]V[\n]"
2020-05-28 14:34:22,655 DEBUG [main] wire:73 -  << "[0xda]#[0x8f][0xa2])El>[0x86][0xf1]&n[0xbd][0xcc][0xa0][0x1b]/[0xa9]|[0xf6][0xa9][0x89]t^[0xd6][0x1e]y[0x8b]e[0xc2][0xb1][0xa8]/G[0xc8][0xc0][0xad][0x14][0x98][0x88][0x1b]LTK[0xda][0xa3][0xad][0x99][0xd5]s[0xb9][0x8a][0x18][0xc7][0xca][0x1c][0xdb][0xf6]l[0xdb]uG[0xae][0xf7][0x7][0xe7]Zo[0xcc][0xd7][0xe0][0xfc]_[0xba][0xf5][0x8f]K[0xb7]6e[0x5][0xcb]][0xea][0xb0][0xba]M[0xdd][0xfc][0xb6]2[[0x9a]][0xbb][0xba]O[0xad][0x81][0xc7]N[0xd5][0xa1][0xb2][0xf3][[H[0xbd]"[0x99][0x97]K[0xc6][0xc9]B>t[0xaf]S[0xef][0xbb]A[0xb8]Yf[0xbc][0x5][0xca][0x83][0xee][\r][0x4][0xf0][0xf6][0xf6]f[0xb2][0x9c]L[0x12][0xc4][0x86][0xbb][0x81][0x17][0x89][0xa5]3[0x81][0x93][0x4][0x89][0xbb][0x18]q[0x88][0x13][0xf9]0[0xa0][0xca]{M6[0x1e][0x8a]R/[0xf5]2Z[0xb0][0xdd]p[0xe2][0xb][0x93]c[0xc0]Dc[0xbe]n[0xc5][0x83]~[0xd9][0x88][0x7]}[0xd5]F[0xb1][0xc4]N[0x1e][0xb2][0xb7][0xa7][0xcc]t[0xa7])[0xfa][0xba]D[0x8c][0x9f][0xc5][0x9]z[0x9][0x93]d[0x2][0xa3][0xb][0xb0][0xbd][0xe8][0xf6][0xb6][0x10][0xcc]D[0x87]C[0xe6]k[0xdf][0xf2]sC[0x8d][0xef],[0x98]871[0x8e]u[0x81][0x10][0x1b][0xc7][0xb][0xf4][0x1][0x9][0xf5][0xc3][0xe9][0xcc][0xf4][0x89]5[0x99][0xb7][0x90][0xcf][0xfd][0x5][0xfc][0xe6][0xf4][0xbd][0x83]~[0xd7])[0xdb][0xe9]B[0xd7]][0xaf][0xdd][0xb5][0x17][0xb8][0xeb]p[0xe7][0x89][0xd9]HaK&[0xe][0xf4]&[0xa5]g[0x14][0x9][0xe7]b[\n]"
2020-05-28 14:34:22,656 DEBUG [main] wire:73 -  << "[0xfa][0xe1][0xf4][0x8][0x86]S[0xe1][0xf][0xe5]%1[0x98][0xfe]y[0xf2]g[0xd9][0x16][0x85]iL[0x16][0x8e][0xeb]%`[0xb7][0xef]][0x80]Axq[0x4]d[0x9][0xfb]J[0xb9][0x13][0xbb]a[0xa7]s[0xe1][0xe2][0xa9][0xd3][0x7][0x0][0xc4][0xff]u[0xe1][0xde]$`7P[0x87][0xfb][0xd6]I[0xab][0x15][0xa9]e3.[0x9e]$[0x8a][0xd6][0xe5]C[0xdf]N./[0xf9][0xda][0x14][0xe8][0xc3][0x19][0x2][0xfd][0x90]!~[0x96]rD/abvC[0x16]w:k/8[0xdd][0x93][0xf][0xc7][0xd8][0x81][\r][0xf2]q[0xc1]s[0xf8][0x85][0xc5]_[0xe6][0xc][0xc6][0xf3]/[0x17]:F[0x93][0xf][0xb8][0xc2]p[0xe2][0x1c]z[0xb1][0x1b]6b[0xaa]w[0xf0][0xe8][0xa2][0x98][0xa0]k<[0xbd][0x0]v`[0xaf]M[0xe2][0x1a][0xde]j9[0x13][0xe7][0xa0][0xef][0x5][0xa7][0xcf]]/#8[0xe5][0x9]b[0xf2][0x81][0xca]%[0x97][0xab][0x8][0xfb]i[0xc9]9I[0xfd][0x18]3[0xa1][0xa1]1[0xd8][\r][0xbc][0x1a]i[0xf9][0x6][0x9c]fN[0xec][0xc0][0x96][0x6][0xee][0x8e][0x99]zzM[0xce][0x1a][0xa7]i^[0x0]v[0x9e][0x94][0xa9]Q1[0xd6][0x13]0y[0xd4],[0x8d][0xb6][0xcc][0xd2][0xbc][0x1][0xdb][\r][0xa3][0x8d])[\n]"
2020-05-28 14:34:22,657 DEBUG [main] wire:73 -  << "[0xbd]I1E'[0xe6][0x14][0x9d][0xd4][0xa7]h[0xb4].[0x1f][0xa0]La&,a~}[0xde][0x1f][0x81]~y[0x17][0x8c][0xc0][0xfe]Ay;[0x18]Up[0xf7]*[0xb8][0xfb]#[0x10][0x94]w[0x7][0x12]u[0xe7][0x89][0xda][0xe2]![0xd1][0x94][0x18]{ R$[0xe3])N[0xe3]w[0x88]_[0x11]z[0xf1][0xb7]%F[0xfc]=[0xa2][0x98][0xc4][0xcc]1[0x9a][0xcb][0x7][0x9]][0x93][0x98],[0x18][0x87][0x94]{[0x13]7[0xd4][0x95][0xbd]D4[0x81]Y[0x86][0xd3]Y[0x85][0xc0][0xc4]3[0xd8]P[0xa3]YFG[0xbb][0xf9]h[0x16]f[0xa2][0xef][0xc5][0xa0][0x98][0xd1][0x93][0xf3][0x89]^][0xbb][0xc1][0xc8][0x8f][0xb2][0xa5]A[0xd9]Gi[0xec][0xdd][0x87] [0xac][0xe7][0x94][0xd0]S[0x18][0xcd][0x1d][0xb3][0xc3][0xb0][0xa3][0x1a][0x91]~[0x97]3[0xf1][0xbf][0x96][0xd5][0xde]Hr[0xbd][0x83][0x3]w[0xed][0x86][0xe]<V[0xeb]8cWY[0xab][0x15][0x1c][0xc1][0xdb][0xdb][0xa0]$[0xec]||dX[0x9a][0x83][0xd3]=[0xb7][0xd5][0x8a][0x12][0x4]i1OKi[0x9d][0xe1][0x94][0xbb][0x95]Q[0x85][0xc5][0xfc][0xc2],[0x13]1[0x9d][0xd2][0x1a]19M-*u[0xcc][0xbb][0xd1]zyn[0x90][0xf1][0xe][0xfa][0xa3][0xb5][0xb0]q[0xe1][0xce][0x93][0xbb][0xc6][0xc0][0x18]k/O[0xd6][0x0][0xe8][0xb3][0x4]G[0xc8]q[0xbd][0x8]L[0xf2][0xeb]0[0xf6][0xd9][0x1c]O[0xb9]#t:[0xbf]R[0xcf],[0x9e][0x8f][0xc2]xS[0x96]"[0xfe][0xdb][0x84]F[0xee][\r][0xf2][0xa5][0x82][0x1c][0x83]H][0xbc][0x88][0xc4]x[0x1c][0x3][\r][0xef][0x1c][0x1c][0xb4]ZS[0x1d]?T[0xc7]m[0x88][0xbc]tC[0x11][0x87][0x91]W[0xc5]bC[0xd8][0x80][0xc6][0x86][0x13]oc,[0x87]J[0x9f]p[0xea] ?[0xf7]n[0xbd][0xa8][0xb8]t[0xd7][0xee][0x10])[0xe6][0xa2][0xff]D[0xe6][0xc4]b[0xda][0xf4][0x8f][0xa6][0xf9]Sqy[0x0][0xbd][0xd6]s:E[0xfc][0xa3]`\[0xac][0x9a][0xc2][\n]"
2020-05-28 14:34:22,657 DEBUG [main] wire:73 -  << "l[0x99][0xcc][0x15]=[0xf0]b[0xf7][0xa6][0xf][0x80]Y[0xb5][0xd5]r*[0x94]`7pC(F[0xbe]X[0x1f]-[0x9c][0xe6]su[\n]"
2020-05-28 14:34:22,658 DEBUG [main] wire:87 -  << "&[0xe7][0xd1]([0xec][0x1f]O[0x85][0xf0]Z-G[0xfe][0x82][0xe7][0xcf][0xdd][0x10][0xe6][0x81]!^[0xa0][0xe1]T[0x9][0xd5][0xc3]LR[0x1e][0xee][0xf6][0xd7]n(:#k[0xd5]P[0xc5][0xa4].[0x10][0x83][0xb5][0xbb][0x86]>#[0xd4]p[0x10][0xa4][0x9][0xd7][0xfd][0x87][0xbe][0xa8][0xd5][0x9d][0xc8][0x9f][0xb5]RT[0x4][0xfa][0xde][0xac][0xd2]+o.z[0x0]7[0xb5]Txl[0xbe]n[0xec][0x85]#[0xa2][0x0][0xc3]|[0xb6]Zs[0xcd][0x99][0xe4]~8[0xf3]P[0x1a][0xf]U[0x8b]^[0x11]?i[0xe]fk[0xd7]C[0x9d][0x8e];tP[0xb7][0xeb]mPrf@![0xba]b([0xd1][0xd1][0xfd][0xed][0xc4]e[0x13][0xb1][0xa0][0x9e]/[0x16]s1[0xe2][0x85][0xb3]0[0x87]l.[0x1f]&4<[0x18][0xe8][0xc5][0xa0][0x1f][0xc6]G[0xb9]][0xc][0xe3]N[0xc7][0x85][0xca][0xda][0xe1][0xc5]2q[0xf6][0x2][0xf][0xba][0x9d][0x89][0xf9][0x9c]b[0xec][0xde][0xf6][0xf3][0x16][0xe0][0xba]X&f[0x88][0xd3][0xaf][0x93][0xd5][0x5]ZU[0x16][0x8b][0xa2]%i[0xab][0x8d][0xf5]!o[0x11][0x1e][0xc5]![0xec]t[0xdc]<zR[0xa5][0xe7]p[0xe4][0xe3][0x18][0x80][0x89][[0xb4][0xe4][0xa1]kB[0xbf][0xd6][0xcd][0x93]|[0x96][0xe2][0xaf]h[0x5]J[0x3]Zr[0xe2]@74[0xd6][0x8f][0xc2][0x1b][0xc8]+[0xb5]Zf[0x9b][0x15][0xc9][0x96][0xe6]Z[0x8a][0xb8][0x1b]x8[0x1e][0xc2][0xb5][0xeb][0x19]K"
2020-05-28 14:34:22,659 DEBUG [main] wire:73 -  << "[\r][\n]"
2020-05-28 14:34:22,659 DEBUG [main] wire:73 -  << "800[\r][\n]"
2020-05-28 14:34:22,660 DEBUG [main] wire:73 -  << "h[0xa7][0xe3]5{[0xa5]%/[0xf4]+[0x92]|[0xae][0xbd][0xc1][0xe9][0x9e][0xeb][0xea]N[0xa0][0x8d][0xb9][0xf5][0x98]n[0xec]nv[0xa3][0x1b][0x0]S[0xb6][0xe7]y[0xc9]HL[0x91][0x17][0xce][0xd6]"[0xc3][0xcf]6;[0xd6][0xed][0xba][0xc3][0x0][0x80]X[0xa7]ur`[0xdd]/[0xde][0xb2]:[0xe7][0xf1][0xa2]Z[0x9][0xe1]T[0xb0]wT[0x7][0x16][0xf][0xc1][0x4][0xcf][0xf5][0x1e][0xc8]$[0xef][0xbb][0xe1][0xbe][0x86][0x9b] [0xe3][0x99][0x0]!8[0xed]s[0x85][0xcf][0xfb][0xc7]Q[0xab]up[0xb8][0xb][0xa2]V[0xcb][0x89][0xc0][0xf3][0xbe]4[0x83]{[0xc7][0xf5]G[0xa2]r[0x85][0x12][0xbe]|[0x94]/W[0xf2][0xf5]:[0xe5]q[0x0][0xb5][0xc0][0xf9][0x11]L[0x12][0xa7]|XI/{[0x83]2^r[0xa0]?[0xc1]i[0xac][0x17]oo[0xea]z[0x91][0xbb]V[0x1e][0xda][0x1f]%)[0xad]}[0xe1][0x6][0xe4]N9=Z@"[0xbe][0xf0][0xd0][0x83][0xe4][0xe4]U[0x4]d[0xbe][0xc4][0xe8][0xb5][0xe6][0xe8]E5([0x91]o[0xb6][0x9c]z[0xc8]][0xf][0xe1]6[0x1]V[0xba][0xfd][0xfb][0xdb]7[0xbf]p[0x9e]}P[0xa1][0xa4][0x7][0xeb][0xf][0xc8]A[0x19][0xb7]L[0x1a][0xe7][0x8c][0xcc][0xfb][0x93][0xc][0xa5]/[0xa0][0xfc][0x1][0x5]`X\[0x81][0x89][0xfc][0xd9]^[0x1f]N[0x8][0xe5]/[0xa0][0xfa][0x5]%[0xe8][0x11]$f[0x88][0x9f]$[0xc9][0x7][0xc4]2[0x92]2[0xf4][0xb][0x82]1[0xa2][0xec][0x5]l[0x86][0x83][0xed]U[0x86][0xdb][0x8b][0xc0][0xa4][0x19]~'SU\[0xc5]P[0x15][0x6][0x9a]Q[0x87][0xcd]`[0xc5]D[0x15]v[0xc7][0xc0]\"Jq[0x8c][0xde][0xe2][0x5][0xfa][0xb4][0xca][0xd0][0x8b][0x9d]'p[0x3][0x8][0x1a]Q[0x87][0x8d]P1[0xe]5[0xd0][0xf6][0xd6][0x99]`T[0xea]T[0xd1][0xfb]:[0x8]4"[0xe][0x1b][0xa1][0xc2]Q[0xae][0x81][0xd4]q[0xf]PI[0xc][0x88][0xb0][0xbd][0xf1][0x95][0x8d]r!2[0xde][0xdb][0x8][0xab][0xb][0xb][0x93][0x13]{[0xbd][0xbd]>J[0xe3][0xed][0xb5][0xd1]][0xb5][0xe5][0xe6][0xcc]w[0xd6][0x95][0x13][0xe1][0x1]u[0x8b]u][0xf8][0xc5]9[0xac]Iy-|[0x97]<[0x9d][0xa2][0x1c]Ix[0x1e][0x8f][0xc0][0xe4]<[0x1e][0x85][0x8d][0x86][0x0]@i8[0xca][0xd6]^#[0x1e][0xcd]_[0x92][0x94][0xf1][0xdc]rL[0x5]$4o[0xc0]f[0xee][0xa9][0xb4]d[0xb1][0xb2]{Qm[0xc0][0xaa][0xa3]0[0x11]V[0xd2][0xd8]#|O[0xc9][0x2]3dD[0x90][0x1e]2ePr[0xa5]M_[0xec]A[0xd7][0xe7]s[0x94]:w[0x9]-r[0xc3][0x89][0x3][0xdd][0xb5]{n[0xcb]}={t[0x1f]:[0x92][0xe8]kW[0xbf][0xbb]hzz[0xfd][0x8a][0x83][0xcd][0x8c]X[0xe9][0x2][0x88][0xf5][0xbd][0xc8]^l[0x8e][0xec][0xab]_[0xdf][0xbe]$)[0x17]0[0xf9]R[0xd4][0xca]+E7[0xa3]}3[0x87]'[0xd6][0xbf][0x86][0xcc][0x9f][0x8d]S[0xbd][0x6][0xe6][0x16][0xbe][0x1f]V[0x3]a[0xb0]%[0x97][0xb5]=[0x9b]X[0x91][0x8a][0x9a]n[0x6]#P[0xfb][0xd6]E[0x8a]PG[0xac][0x11]P[0xf2][0x11](Gb[0x81][0x84][0xc7]F&[0xe5]E[0x1f][0x80]I[0xab][0xe5]L@[0xec][0xe][0xfb][0xbb][0xf2][0x1a][0x2][0xed])N[0x94][0xf][0xde]u[0xe][0xfa]][0xe1][0xe8][0xc1]"[0x1c][0x3]P[0xf8]X][0xa8]C[0x9a][0x83][0x83]#P[0x16][0x9a][0xbe][0xe7][0x81][0xf6]=[0xa1]kdM[0xa2])I[0x9c][0xd8]u[0xbd][0x9][0xe8][0x8b]P`[0xed][0x1d][0x1c][0xea]w[0xbf]|w:[0xa0][0x1b]x[0xdd]`[0xb4]v][0xef][0xce][0xec][0xc3]Z,[0xbf]?[0xc0]a9t[-[0xe7][0xe1][0xaf][0xa5]5[0x8][0x8d][0xc7]Wc[0xf9]6_[0x11][0xff]y[I<D%sr1Y(j[0x95][0x8e]5[0xf7]l[0xce]b4m[0xb5]v[0x3]P[0xe4]0[0xab]%U[0xdf]N[0xef][0xe4][0x1a][0x8e]Q[0x9d][0xd5][0x1a]7[0x10]%`K[0xa7][0xc2]:[0xe2]x,[0xc9][0x82]:[0xdc][0xb0][0x94]j[0xee][0x18]<[0xd9]1YDJ0[0xea][0x5][0xc6]6([0xcd][0xda]y[0xe4]s[0xf2][0x86]\![0xfa][0x12]2[0xe4][0xb8]/[0xcc]"[0xb0][0xf3][0xc4][0x96][0x9b][0xf7][0x1b][0xb2][0x1d][0xaa][0x11][0xbb][0x8b][0x92][0x98][0x17]&-EIVs7:[0xa6][0xcd][0x9f]v[0x9e]K?{[0xbd][0x89]Y.[0x10][[0xa4][0x13]n[0x91]&[0x98][0x84][-[0x1a][0x98][0xac][0xd7][0x8e][3[0xe7]@[0xfd]T[0x80]H[0x1]QX[0x9d][0x9c]@[0xff][0x86]M1[0x1b][0xa8][0xdc][0x95][0x9][0xdb][0xfc][0xc2][0xd8][0x9a][0xb2][0xf4]?[0xf5][0xa5][0x9d]9[0xe7]Y[0x17]}][0xe2]K`[0xff][0xde][0xfd]|[0xd2]}I[0x16][0x19][0xe4]x[0x92] [0xdb][0xd2]c[\n]"
2020-05-28 14:34:22,661 DEBUG [main] wire:73 -  << "[0xec][0xb3]S[0x80][0xe2][0x19][0xf2][0xa2]9%[0xb][0x4][0x2][0xf9]E[0x9e][0x9c]PI[0x91]c[0x9e][0xa0][0xe3]W[0xcb][0xc5]be1[0xb8][0xc8][0x12]dQ[0xc4][0xb8][0x5]3lu[0xad]X[0xc0]}[0x1][0x80][0x19]F[0xdf]d[0xb9][0x1f][0x91][0xc5]QO[0xd5][0xab]q&OT[0xdb]3Bf[0x9][0xea]2[0xcc]Q[0xf7][0x12]Q<[0xc5][0xea][0xcd][0x98][0x6]s[0xcb][0xcb]E[0xf7][0xe5][0x87][0xdf]>^[0xfe]=Z[0xfc][0xfc]j[0xef]/l[0xf1][0xdb]|2[0x9e][0xfe][0xf3]/[0xff][0xf8]eF[0xa2] X\[0xfd][0xfc][0x9c][0xff]>[0x9e][0xbd][0xfb]m&[0xf9]nl'FJ>U[0xd2][0x9f][0xe6][0xc8]R[0xdd][0xf9] [0xfa]q[0xf2][0xfe][0xcc][0xba][0xc2]|n[0xc5]hA[0xfc]+dA[0x8a][0xac][0x8c][0x92]K[0x1c][0xe3]tfM)B[0x16]I[0x13][0x9c]"[0xeb][0xc3][0xe9][0xc7]O[0x12][0x9f][0xcf]![0xb7]VdiE0[0xb5][0x96][0xc2][0x9a][0xce]Q[0x8a].[0x11][0x95][0xc0][0x14][0xa1][0xd8]bd[0x81][0xac])[0xbc]@[0xea]m$[0x15][0xe1][0x9a]<^bt[0x95][0x9]w[0xa7]d[0xf0][\n]"
2020-05-28 14:34:22,661 DEBUG [main] wire:73 -  << "[0xc7]|[0xe]bt[0x89]#[0xd4][0x95]7^[0xfe]&[0xc7].[0x8b]`[0x82]@[0xe0][0xf7]=k[0x1][0xbf][0xe1][0xc5]rQ[0x82]j[0x82][0xd8][0xed]v[0xad][0x9]![0x9c]q[\n]"
2020-05-28 14:34:22,661 DEBUG [main] wire:73 -  << "3[0xab]eMI[0xca][0xe1][0x15][0x92][0x8c]u[0xbb][0x6]7[0x9]N/,[0x8a][0x12]`3[0xbe]J[0x10][0x9b]#[0xc4]m[0xf5][0xea]R[0x1b]2[0x86]8[0xeb]E[0x8c][0xf5][\n]"
2020-05-28 14:34:22,662 DEBUG [main] wire:73 -  << "Z[0xfe][0x2][0xa7]~[0xc4]X[0xb5]O[0xf][0xa0]"8[0xe8]j[0x16]z[0xfb][0xfe][0x81][0xdf][0x97][0x84]M[0xf0]w[0xd3][0xce][0x9]1_i[0x17][0xcc][0xe4][0x19][0xbb]EA[0xac]*[0x18][0x18]!K[0xd1][0xfa].Y[0xc0][0xc8][0xe0]4J c[0xc0][0x86][0x11][0xea][\n]"
2020-05-28 14:34:22,663 DEBUG [main] wire:87 -  << "[0x8f][0xa0]k[0xd6][0xc4]1[0xb0]%P[0x94][0xca][0x82]Mf[0xce][0xf1][0xd4]J8[0xb2][0xce]N[0xad][0xe7][0xa3][0x92][0x97]G[0xf2][0xd3][0xcd] [0xe5][0x83][0x87]qe[0xca]v[0xf7][0x1c][0xa5]1[0x9e][0x8e][0xbe]S[0xc]]v[0x81]S[0xf6]/[\r][0x9b][0xa0]ByR[0xa1][0xd1]0Z[0x88]s[0x9c][0xce][0x98]5[0x87]i[0x9c] Z[0x1d]7[0xbd][0xcd][0xcc]hT[0x90][0xfe][0xa2]([0xa3]o[0x9c]BI[0xfb][0xb][0xb3][0x8f][0x1b]L[0xe6][0x3][0xb9][0x8c][0xc8]bA[0xd2][0xc1]f/u[0xd3]r[0x17][1[0xa0]>[0xbb][0xd4][0xeb]ep[0x86]`<[0xd0][0x1a][0xc9]Vi[0xac][\r][0x9d]PL]*[0xd9][0x8c][0xd9]d[0xa5][0x90][0x1a][0x98]|[0xfc][0xb9][0x3][0xab][0xf9]%[0xa6][0xf9][0xd6][0xba]ji[0xc]S[0x98][0xac]8[0x8e][0xd8]x[0x9][0xa3][0x88][[0xc0][0xb2]?[0x9f]t[0x83][0xbd] [0x18]<[0xfa][0xf4]i7[0xd8][0xb7][0xff][0x95][0xc3][0xf][0xdb][0x98][0x90][0xe7][0xd2][0xc6]3[0xf8][0xd5][0x2][0xea][0xe7][0xf6][0xd6]:[0x1f][0x85];[0xe2]Z[0xb9][0xb0][0xe7]m[0xe4][0x8f][0x19][0xe2]'[0x91]:[0xc3][0xe3]Y[0xed][0x1a]c[0xed][0x91][[0xad]0m[0xa8][0xb0][0xf7]lo[0xef]y[0xbf][0xd0][\r]6[0xd0][0x15][0xfd]W[0xf2][0x88][0xc9];[0xb8]@[0xa2][0xc6][0xe6][0x1a][0xb6][0xa5][0x95]GWS[0xad])[0xbf][0xfa]7H[0xdb]^[0xe0][0xb5][0xf3]S8m[0xaf]M[0x92]x,[0x96][0xc2]q*[0x2][0xf6][0xb6][0xb7]wo[0xfd][0x81][0xd7][0xe6]m[0xaf][0x1d][0xc][0xfa][0xf][0xc1][0xde][0xf3][0xda][0x14][0xc7]m[0xaf][0xdd]o{[0x83]{[0xb1][0xf7][0xbd][0xf6][0x84][0xc2][0xb6][0xd7]^[0x90][0xf8][0xe0][0xa0][0x1b]mm[0xe1]$I[0xc8][0xd5]I[0x1a][0xcd][0x9]m[0xcb]W[0xbb]7[0xa3]}[0xc4][0x1c]}[0xcc][0x10][0x8a]?J[0x1]}[0x90]}[0xb6][0x82]~[0xb3]l[0xbf]_H[0x1b][0xf5][0x7]^[[0x9d]!j{M[0x83][0xb4][0x8d]B3[0xbf][0x83][\r]~[0x91]?[0xe6][0x14]F[0x17][0xf9][0x89][0xbe]&e[0xd9]D[0xd8][0xd9]1"P[0xeb]f[0xc7][0x12][0x93]a[0x6]-`[0xdd][0xfb][0xd5][0x15]k[0x6][0xe5][0xcb][0x89]-`[0xb5]k[0x93][0xaa]-[0xb][0x95][0x1][0x2][0xea][\r][0xe5];[0x2][0xc2][0xa8][0xb8]w[0xf2][0xcf][0xc0]Y[0xc0]hf[0xe3]{q[0xd6][0xb][0xab][0x9d][0x1b].[0xc6][0x92][0xb6]5T[0xf7][0xc3]^[0xef][0xea][0xea][0xaa][0xed]Z[0x1d][0xab][0xad]MG[0xb7]0[0x1d][0xd2][0x90][0xcd][0xa0][0xff][0x85][0xb5]C[0xd5][0x19]f[0xf6][0xa5][0xf9][0x9b]$y[0x97][0xce][0xfb][0xa3][0xd0][0x92][0x9f]!B)Gb[0xe4][0xe3][0x94]![0xca]BSB[0x91]3[0x83][0x9e][0xc5][0xdc]pG[0xa5]r7-[0xd1][0x16][0xfb][0xa2][0xf7][0x92][0x96]X[0xbe][0xbd]=0l[0xd8][0xd1][0x4]2[0xa4][\r][0xbb][0xee][0xd9]6[0xf7][0xb5]'4[0x8f][0xac][0x10][0x12][0xd6][0xd8]loC[0xf4][0xca][0x9e][0xa1]k[0xf2]I+[0xab][0x18][0x9f][0x9a][0xb6][0x86];[0xe6];[0x1f][0x14]k[0xc0]2[0x9f][0x9d][0xdc][0xb9][0x91][0xa6][0xbe][0xc2]{;%)j[0x87];[0xeb][0xbc][0x85][0xd7][0x84].[0xa6]0[0xe2][0x84][0x8a][0xd2][0xa0][0x1d][0xe6][0x5]c[0xa4][0x85]<[0xe6]d,[0xbf]o`[0x1][0xf5][0xba][0xff][0x8a][0xe4][0xe4]R[0xfa][0xf1][0xd3][0xc9][0x87]O[0xd6][0xe9]?9=y%[0x97][0xd0];[\r][0xfb]]}f$[0x1a][0xc3],[0x1b]+f[0xfb][0x9a][0x9d]X[0xde][0x6]{{[0x87]O[0xf7]s[0x6][0xd5]<[0x14]X[\r][0x13][0xb1][0xe8][0x5][0x8e]>"H[0xa3]9[0x9c][0xc8][0xcf][0x12][0x5][0x95]1[0xdf][0xed]vo[0xbe]|]"[0xba]ZK[0xa6]EWN[0xdf][0xbd]z\G6[0x94][0xa5][0xf9][0x4][0x9a]\[0xa0][0xd0][0xb5]\[0xa1]nl[0x18][0x8f]#[0x18][0xcd][0xd1]8A[0x97]([0xb1][0x87]}O[0x80][0x12]x[0xbd]"
2020-05-28 14:34:22,663 DEBUG [main] wire:73 -  << "[\r][\n]"
2020-05-28 14:34:22,664 DEBUG [main] wire:73 -  << "800[\r][\n]"
2020-05-28 14:34:22,664 DEBUG [main] wire:73 -  << "[0x12]1[0xe9][0xf8][0x12]Q[0xf9]<[0x8c][0x80]G[0x98][0xaf][0xec][0xa1][0xfd]~NP[0x8a][0xbf][0xd9]^[0xf1]\[0xdb][0xd0][0xfe][0xfc][0xd1][0xf6][0xec][0x18][0xae][0xd8][0x98][0xe1]4B[0xe3][0x4]2>[0x96][0xc7][0x16][0xed]a7[0xf0][0x8c][0xe3][0x8e]C%;[0xcf]F[0xe9][0xc][0xce]P<[0xe6]x[0x81]r[0xd4][0xbe]g[0xa3][0xeb][\n]"
2020-05-28 14:34:22,665 DEBUG [main] wire:73 -  << ";[0x81]g[0x8b][0xd9][0x92]2[0xfc]u[0xcc]"B[0x91][0xa2]7%t1V[0xca][0xa2][0x88]z[0xf6][0x94][0xc2][0x5][0xba]"[0xf4]"[0x7]`6V[0xf9];E[0x9d]P{[0xa8]>[0xd8]!J[0x84][0xfa][0xca][0xb7][0xeb][0xc8]F%[0xbb][0xf2]5[0x98]2[0x10][0x1f][0xda][0xb6][0x1][0xcb]_[0x9d][0xa9][0xa0]|C\[0xb][0xc4])[0x91][0x7][0xa5][0xed][0xe1][0xd3][0x83]=O[0xbd]p[0xd3]8O[0xcd]T[0xd5][0xf2]5[0x9b]Rn[0xb2]n[0xe5][0xdd][0x9c]C[0xfb][0xe0][0xe9][0xd3]}[0x14][0x4][0xfd][0xee][0xe1][0xfe]S[0xd4][0xdd][0x9f][0x1e][0xc6][0xdd][0x83][0xc3][0xe7]qw[0xf0]4B[0xcf][0x9e][\r][0xe][0xa2][0xfd][0xe9][0xbe][0xa0][0x94][0x1f][0xd4]f(A[0x91]>[0xb2][0xad][0xe8][0x11][0xc6]a[0xa2][0x99][0xb1][0x9f][0x1d][0xf4][0x7][0xcf][0x5][0xfe][0xe5][0x18][0x89][0xb0][0xde]h[0x98][0xea][0xed][0x6]%~B[0xf1][0xcc][0x1e][0xee][0xed][0x1f]x6CT[0xc4][0xac][0x92][0x9b][0x81]?[0xd8][0xf7][0x83]A[0xe0][0x7][0x87][0xfd][0xe1][0xe0]p/8[0xb0]=[~[0xd8][0xc9][0x1e][0xda]'[0xff][0xb4][0xbd][0xe2][0xa1][0xe4]ap[0xf0][0xbc][0xff][0xb4][0x1f][0x1c][0x1e][0xee]yv[0xbe][0xae][0xa9][0x81][0x18][0xf4]=[5[0x92]*[0xa3]Q[0x8e][0xf5][0x92]&[0xf6][0xf0][0x11][0xb6][0xca][0xb3][0x97][0xc][0xd1][0xbc][0xaf]W[0x84][0xc6]y[0x8f][0x82]` [0x1][0x8c][0x8f]'0[0x1e][0xcb][0xa2]|[0x84]tr[0x17]][0x9f][\n]"
2020-05-28 14:34:22,665 DEBUG [main] wire:73 -  << "W[0xf9]oKD1[0x12]f[0xdc]n[0xa1]k[0xd9]sP[0xb1][0xa2][0x8f]~[[0xd3][0x96][0xb9]'][0xe5][0xfa][0xbb][0xcb]([0x89][0xe6][0x88]qD[0xfd]/[0xec]E4[0x1][0xc1][0xb3]g[0xdd][0xbd][0xd6]%xf+[0x7][0xfb][0xf8][0x1e][0x8f][0xf4][0x9e]7D52xl|[0x1c]F.[0xbe]ctM[0x92],Q+[0xb4]6[0xcb][0xc2][0xaa][0xa5][0xe8]J[0xa6][0xba][0x85]U[0x15][0xf0]8[0xdf]+ub[0xf9] [0x85][0xb8][0x12][0xeb][0xa4][0xb3]wx[0xf0][0xe7][0xc1][0xfe][0x9f][0xf][0xfb][0xe2]A[0xbf][0xdf]wu[\r]i[0xea][0xbe]e[0x98]*[0x1][0xeb]K`wb[0x9f][0x93][0xcf][0x9f]^[0x16][0xcf][0xf4]J[0xec]q[0xed][0x1b][0xb0][0x8e][0x8d][0xae][0x97][0xdf][0xc6]I[0x96][0x8c][0x95][0x91][0x0][0xb6][0xd5]1[0xb8][0xaa]0a[0xdf]>d[0xb2][0xdc][0xaa][0x17]$X[0x82][0x90][0xe6][0xc6][0xb3][0xf6][0xc4][0xaa]k|[0x17]H~[0x88][0xb8].[0x14]<-[0xd2][0xb2][0xe5][0x87][0x8a][0xf3]B[0xf1]o[0xb3][0xd4]i[0xab][0xef][0xab][0xb5][0xbd][0xaa][0xa0]uw[0xd7][0x96][0xcc]L[0x97][0x14][0xca]&T=[0x93]z.[0xcd]hI[0xa9]*[0xb5][0x80]U[0xc1][0xe]7pStU[0xa0][0x96][0x7][0xca].y[0x9d][0xae][0xf8]W[0xd2][0x95][0x18][0xe1]&BUU[0xaa][0x8][0xeb][0xea]m[0x85]/[0xa5]Hu[0x1e]7:[0xdf]T[0xaf][0xd2][0xa6]QW[0x89]og[0xbd]S[0x1b]*s[0xf1][0xef][0xc9]Oq[0xef][0x1c]MH[0xbc][0xca][0x93][0x3])[0x91][0xe1][0xbb]mD[0xb3]1[0xbe][0x94]I[0x8b][0x14]^N -[0xd2][0x8][0xea][0xd6]R?b.[0xc1]e[0xc2]KFe"[0x0]^[0xa2][0xae]2~[0xb5]$[0x86][0xa0]Y[0xa1][0xd3][0x8d]H[0xca]!N[0x11][0xad][0xd7]4[0xda].[0x91]j[0xf4]$[0xcd][0x89]<[0xe6][0xab]m[0x8b][0xba][0xa9]1[0xdb][0xe5]d6K[0x90][0xb5]@[0xe9]R_S+[&I7A[0xd3]<5c[0x94]io[0x80][0xcb][0xc7][0xa1][0x80][0xfd]'[0x86]c$D[0xb0][0xd9][0xb8]d[0x80]e0[0xcd][0x1b]d[0xb4]K[0xd2]de[0x1f]RM[0xea][0xaa]G=[0x81]d$3[0xb6][0x12][0xc0][0x11]I[0xbb][0xb2][0xb1]?[0xba][0xce][0x6]zO[0x9][0xb3][0x81]Z[0xc3]8[0xce][0xe5][0x96][0xb4]![0xd5]-[0xc2][0x82][0xf]t[0xbb][0xeb]C8[0xa1]0[0x8d][0xb7][0x10]U[0x9d][[0xc0]$[0xd9]^.q[0xf0]bVI[0xc][0xe1][0x85]X[0x17]z[0x9][0x99][0x91][0xb1][0xea][0x80][0x9f][0xa5]3[0xdb]RyW[0xfb][0xb0]G[0x83][0xe2]_-y|[0xaa][0xf8][0xdf][0xce]c[0xef][0xe]&[0x8f]z[0xb0]i[0xc]b|[0xd9][0x0][0xde][0x94][0xbf][0x1a]+f5[0xc][0x7][0xc5][0xb3]9[0xb7]-J[0x12]$[0xd1][0xf1]L[0xe5][0xd8][0x9b][0xf9]x[0x8][0xf][\n]"
2020-05-28 14:34:22,666 DEBUG [main] wire:73 -  << "$][0xef][0x9e][0xbf]1[0x91]+[0xe9]8[0xb3]raR[0xf2][0x9]U[0xcc][0x1a]uoiW[0xb]_[0xa2]M;[0xf2][0xe4]h[0x99][0x18]}[0x16][0x1d][0xed]&[0x98][0x9]E{[0xf2][0xe4]([0xc1]y[0x99][0xbc]R[0xe8]YO[0xdd]?9*[0x10][0xe4]L[0x17][0xea]oM[0xa1]5[0x15][0xd3]<[0x9a][0x13][0xf9][0x99]:1[0x17][0xb0]F7[0xe7][0x8a][0xb2][\r][0xe8][0x1b][0xb7][0x8f][0xf5][0x90][0x9f]d[0x98]Y[0xf9][0xc4][0x11][0xe8]b[0xf0][0xe4][0xc5][0xa4]H[0xb7]RJ[0xae][0x4][0xc5][0x89]d[0xb0][0x97][0xe0]{[0x18]5[0x2][0xcd]{8V[0xdd][0xbe][0x9f][0xd7][0x93]$[0xb1]Ns[0xaa]?[0x9a]]9[0xde][0x11][0xff]a[0xcc][0xbe]T[0xf4][0xac][0xcf][0x1f][0xbf][0x87][0xd3][0xa3][0xde]21[0x14]R[0xb6]*[0x15][0xf1][0x89]V:[0x11]s^[0xc6]d[0xc][0xf1]8[0xc6][0x97][0xed]c[0xad][0x98][0xb2]X[0xd6]/okZ[0x99][0xaf][0x1e][0xf9]mD[0x92][0x4]fL[0xaf]P[0x1b]P[0xc9][0x14][0xae][0x94])[0x2]R([0x95]l[0xbc]!%[0x98][\n]"
2020-05-28 14:34:22,667 DEBUG [main] wire:73 -  << "[0x8c][0x98],'[0x9][0x92][0xf6]sc9[0x94]K[0x92][0xa8][0x11][0xdc]_[0xd9][0xc0][0x1e][0xdc][0x8d][0xad]l[0x83][0x1e][0x1e]-[0x4]=[0xbb][\r]I[0xc8]m[0x3][0xbd]+e[0xd7][0xa4]d[0x96]uq[0xaa][0x16][0xe9]'[0x15][0x94][0x9]E0[0x8e][0xe8]r1a[0x8d][0xab][0xbc]Q[0xae][0xb5][0xac][0x9c][0xea]eY[0xae]i[0x89][0xd6]$C[0xe7]j=[0x14][0xd3][0xd9][0x12][0x94][0xc8]K[0xe5][0xab][0x98][0x85]_[0xc8][0x2]I[0xf5][0x92][0x5][0xbd][0x9c][0xac]A?G[0xfe][0x93]}\[0x99]J[0x9b][0xb5]L[0xf5]+9V[\n]"
2020-05-28 14:34:22,667 DEBUG [main] wire:73 -  << "X[0xe8][0x96][0x92][0x89][0xdc]Z[0x0]v[0x8c]Y[0x96][0xc0][0xd5]P~S0\@:[0xc3][0xe9][0xd0][\n]"
2020-05-28 14:34:22,667 DEBUG [main] wire:73 -  << "[0xfa][0xd9][0xb7][0xd0][0xce][0xb3][0x1a][0xd7][0x4]G[0xf9][0xce][0xea][0x98][0x93][0xcc][0xea]Z[0x9c]dc2[0x95][0xc1][0xb6]Ju[0xe4]&U[0xa6]M[0xba][0xd9]r[0xd2][0x85]qW~ChN[0x92][0x18][0xd1]n[0x10]<[0xb7][0x8f][0xad][0x9d]#[0x9c][0xb2]B\[0xe5].[0x83][0xad]Ls#S[0x96][0x98][0x99]][0x98][0xe0]Y:[0x8c]P[0xca][0x11][\r]5[0xba][0xd4].[0x18]w[0xa7][0x84]. [0x7][0xf6]4Y[0xe2][0xb8]V[0x96][0xc0][0x15]Yr`[0xe3][0xb4][0xb])[0xc7]Q[0xd1]V[0x8e][0x10]%XnrFP[0xb2][0x1d][0x1c][0x1e]<}z[0x10][0x1c]>[0xed]?}[0xfa][0xec][0xe9][0xf3][0xa0][0x86][0xcd][0x12][0xc2][0x81][0xfd]<x~[0xd0][0xdf][0xdf]?<|*G5eE[0xf0][0xa7][0xd7][0x18][0xc7][0xe8][[0x19][0x6][0x98]@[0xb9][0xc9][0xe0][0xea][0xe3][0xd9][0xeb]J>q'[0x9f][0x0]R[0xfa]i[0xfc][0xb0][0x11][0x90]u[0xaa][\n]"
2020-05-28 14:34:22,668 DEBUG [main] wire:73 -  << "/[\n]"
2020-05-28 14:34:22,669 DEBUG [main] wire:73 -  << "[0xcd][0xf9]R-[0x95][0xe6]K[0xe9][0xcf]|[0xef][0xf8][0xd3][0x1c]3[0xf9][0x5][0x11][0xeb][\n]"
2020-05-28 14:34:22,669 DEBUG [main] wire:73 -  << "'[0x89][0xa5][0x97]Qf[0xe1]TIW[0xc6]][0x13][0xb2][0xe4][0x9e]5'W[0x16]'[0x16][0x8c]"[0xc4][0x98][0x5][0x93][0xc4]*[0xd6][0xc])'k[0xc9]p:S[0x9b][0xf2][0xe5]r[0xe2][0x1f][0xf5][0xe6]{[0xa2]=[0xa1][0x81]\[0xe6][0xd4]4#[0xf2]F[0xf3][0xc7][0x85][0xc7]P[0x14][0x88][0x9b].N/[0x11][0xd5][0x16]M`[0xd0]|^[0xf0][0xf9][0xf1][0x9f][0x8e]z|n[0xdc] K[0x8e]j[0xb0][0xb7][0x88][0xcf]I\[0x3][0xaa]d[0xba][0xf5][0x17]F[0xd2]jI[0xee]t[0xed][0xf5][0xff][0xcb]>[0xfe] ?[0xe0][0xc0]J[0x8c][0xa3][0x9e]n^[0x80]d[0xf8]"*[0x89][0x8]F][0xd1][0xbc][0x17][0x16][0x8b][0x88][0x8][0x4][0xa4][0x90][0x83][0x82][0xc0][0x11][0x8f][0x8f]K[0x91][0x1c][0xf5]x\[0x80]>[0xfd]T[0xb9][0xef]V[0xee][0x8e]2[0x8a][0x8e]ovd.g[0xc9][0xec][0xa1]e[0xb3][0xa5][0x94][0xbf][0xed][0xed][0xd8]B[0xe8][0xf6][0xd0]:[0xdf]yr[0xb3][0xf3][0xc4][0xc6][0xb1]([0xe]lo[0xe7][0x89][0x9d]75N[0xe1][0x2][0x9][0xf0]'<C[0xd4]z[0x87][0xbf][0x91][0xb4][0x8a][0xc0]`[0x2][0xe9]J[0xa0][0xec][\r][0xfa][0xcf][0xfa][0xfd]j)[0x9c][0xc9][0xda][0x87][0x8a]jF[0xc9][0x14]'h,[0xfd]V[0x1][0xb7]w[0x9e][0xac][0xbd][0x9d]'[0xbe][0xef][0xfb];OF;ka[0xc3][0x5][0xc3]y[0x17]r[0xb1][0xed][0x1c][0xf5][0xb4][0xb0][0x8e]zr[0xd4][0xb5],[\r]7[0x8e][0x92]+m[0xaf][0xaa][0xaa]L[0x18][0xef]R[0x94][0x8][0xa3][0xc4]8%[0xe9][0xec][0xf8][0x3][0x8a][0xc8]b[0x81][0xd2][0x18][0xc5][0xd6][0xa7]%'[0x14][0xc3][0x84][\r][0x8f]z[0xba][0xf8]hB[0xd5][0xff]K#[0xce]5V[0xe1][0xb0][0x9]#[[0x9][0x5][0x98][0xda]\h[0x8a][0x4][0x4][0xa8][0xb]3[0xdc][0xcd][0xa9][0xf4]f$[0x81][0xe9][0xcc][0xb8]W[0x1b][0xc2]]y2[0xe][0xc5]]U^[0x86][0x10][0x9]N/[0xba][0x14][0xc5][0xb6][0x95][0x87]t[0xe3]I[0x2][0xd3][0xb][0xdb][0x92]GS[0x80][0xfd][0xb3]"`}T[0x4][0xd4])[0x90][0x9f][0xc9][0x1b][0x98][0xce][0xec][0xe3];[\n]"
2020-05-28 14:34:22,670 DEBUG [main] wire:87 -  << "[0xc5]B[0xa0][0xd6][0x0]K[0xed][0x1f][0xff][0xc0]N[0xa9]7[0xf2][0xa6]3[0xdd][0x1b][0x89][0x8c][0xa2]9[0xe9][0x16][0xd9][0xdb][0xae][0x18][0x9b][0x19]E[0xec]k[0xf2][0x88][0xbe][0xbe][0xd4]t-h[0xfd]L[0x1c]A[0xda]-O[0xbe][0x9c]Fsb[0xbd][0xce][0x1b][0xb0]`[0x1a][[0xef]U#[0x1f][0xff][0xf6][0xc6]>[0xfe][0xfe][0xba][0xff]NIM[0x96]8[0x89][\r]I[0x89][0x1a][0xd3]e"+I[0x8b][0xa8][0xe4][0xb6]X=NP?i[0xb2]z[0xac]e[0x98]7]&[0xb2][0xc3][0x9f][0xa5][0xa1][0x95]=[0x16][0xfd]|[0xbb][0x92][0xe2]yl[0x8d][0x1f])[0x14][0xd2]]2[0xd4][0x9d]@[0x86]#[0xb8][0xe4][0xf3][0xee][0x2][0xc7]q[0x82][0xae] E[0xdd][0x19][0xa9]"
2020-05-28 14:34:22,671 DEBUG [main] wire:73 -  << "[\r][\n]"
2020-05-28 14:34:22,672 DEBUG [main] wire:73 -  << "46b[\r][\n]"
2020-05-28 14:34:22,672 DEBUG [main] wire:73 -  << ")[0xce]#[0x84][0xf0][0xb][0xb9][0xb2]>[0x11][0xeb]3C[0xd6]O[0x82][0xf6][0xc9][0x92][0xcf][0xad][0xb7][0x5]m[0xeb][0xef]j2[0xd4][0x6]_8W[0xdf]S[0xaf][0x14][0xc8][0xf][0xb6][0x10]W[0x14]s[0xd4]M[0xc8][0xac]+[0xec]'[0xeb][0xe2][0xf4][0xf1]F[0xe2][0x17][0xb5][0xfa][0xfe]][0x90][0xb2][0xde][0x90][0x99][0x85]SN[0xac][0xd7][0x82][0x9e][0x85]S[0xeb]g[0xd2][0xfb]Y[0x92]T[0x9d][0x8]f[0xd9]][0xe9]?[0x96][0xae][0x84]i[0x97]M_"w([\r]?[0xb2][0xe2]9Vn&0[0xba][0x98]Q[0xb2]Lc[0x11][0x9c][0x10]:[0xb4][0xfe][0xf4][0xfa][0xf5][0xeb]pB[0xa8]p[0xb]MP[0xdd][0xe1]\[0xa6]1[0xa2][0xe3])[0xa6]r[[0x87][0xc2][0x19][0x85][0xd9][0xdc][\n]"
2020-05-28 14:34:22,673 DEBUG [main] wire:73 -  << "[0xfa]{V[0xd7]JH:Ctl2[0xf4][0x10][0x1f]t_[0xb4][0xf1].[0xe8][0xf7][0xbb][0xa0][0x8f][0x1d][0x93]^%[0xae][0xdd][0xa9][0xa8][0x94][0x19][0xb2][0x95]#[0xa8]GfJ[0x8][0xaf]$Z7[0xb][0x8b]0[0xaf]9#[0xa5][0x91]J[0xff][0xb7][0x92]:2[0xe3][0xff][0x9][0x9e][0xcd][0x84]z[0xc]6[0x13]mU[0xbc]d[0x89][0xac][0x89][0xd4]%[0xfb][0xa1]VA:[0x91][0x6]lK[0x9a][0xb3][0x15][0x91]l[0x15]Z[0x83]~[0xf0][0xb4];[0xe8][0x7][0xcf]ky[0xae][0x86]tj+[0x9d][0xb0],[0xd4]?;[[0xf3]d[0xd5][0xcc][0x97][0x1e][0x6]}W[0x6][0x96]*[0xfe][0xe5]i[0x97]E[0x94]$Iw[0x99][0x15][0x6][0xa9][0x2][0xb5]&<[0xb5]$d!J[0xdf][0xbc]ho[4\[0x89][0xf7][0x97][0x99]%3[0xbf]$MVV.[0xfe][0xa0][0xaf]c[0xe4][0x9c]Y[0x9d][0x89]lV[0x9a]2[0xc9][0xa7][0x90][0xe4][0xe9]Ra[0xe3]-[0xa5][0xc4][0xcc][0xdc][0x83][0x17][0x84][0xca][0x83].[0xea][0x8b][0xcf]3[0x8f]z[0xd0][[0xb8]7[0xf8][0xbc][0xfd][0xb3][0x9c][0x11]'[0xf9])[0x92]_[0xd5]k[0xc5]G[0x80][0x86][0xf8][0x9c][0x8e][0x80][0xf8]c[0xbc][0xd1][0xc5][0xbd][0x11][0xe4][0x4][0xd0][0xff][\n]"
2020-05-28 14:34:22,673 DEBUG [main] wire:73 -  << "[0xd4][0xcf][0xed]m1[0x95][0x8c]C[0xdf][0x9e],L@[0xf0]gc[0xa7][0xe][0x2]V;SC\o[0xc7][0xb2][0x16][0x80]5[0x9f]O![0xf2]`[0x8a]>O[0x3][0x82]P[0x9e][0xa3][0x1][0xb3]p[0xb1][0xf5][0xa4][0x8a][0xe8][0xd6][0x8e]e[0xad][0xdd][0xfc] z~[0x0][0xc6][0xcb][0xcf][0xba]xmSm[0x1b]O[0xd1][0x94]w_X[0xdb]k[0xcf]`[0xdb][\r][0x85][0xac]g[0xd0]i+[0xfe][0xf5][0xb9][0xb6]g[0xcf][0xf7][0x83][0xc1][0xe1][0xf3]~7[0x10][0x0][0xb8][0xe4][0xa4]-w[0x9f][0x4]"Ci,[0xa0][0xf9][0xb6][0xbc][0xa4]Q=N[0x98][0x9f]8[0xdd]=;[0x1d][0x1d][0x17]Y[0xdb]-[0x7]([0xd5][0x91][0x8b][0xee][0xc0][0xf][0xfc][0xfd][0x86]3[0x94][0xa5]*T[0x8e][0x91]V[0xda][0x11][0xcd][0xec][0xdc]M>[0xf0][0x83][0xc0][0xdf]k[0xa0][0xbf]q8[0xf5][0x9e][0xb3]?Z[0x95][0xf1][0xd4]i[0x93][0x94][0x93]e4[0x97][0xc1]A[[0xac][0xbf][0xc5][0xa1][0xa4][0xfc]B[0x8f][0xbc][[0x96]H[0xc1][0xb1]Mf[0xdb]uf[0xfd][0x5][0x99]`ak[0xe4]I3[0xcd]s[0xfb][0xd8][0xee][0xd8]Gv[0xc7][0xce]9[0xb7][0xf5]~`M[0xf4][0xcd]R[0xa8][0x1e][0xac][0xde]&a[0x99],`[0x19][0x8a][0xf0][0x14]GV[0x96],g8[0xad][0xcc][0xbd][0x12]U[0x1e][0x97]5J[0xee]h[[0x9e][0x90][0xd5]S`[0xcb]![0xd9][0xed]5[0xef][0xae]`[0xbc][0xfd][0xea][0xd2][0x8b]=[0xe2]A[0xec][0xde]@[0xc][0xe2][0xad]G[0xdc] [0xf6][0xe5].[0xbd]|#[0x99][0xb8]SS0[0xbf][0x13][0xc]\n[0x1e]\[0xeb][0x90]0[0xf6][0xe7][0x8][0xc6][0x95]o[0xef]C[0xec][0x86][0xe5][0x84],[0xc6][0xd8][0xb3][0xda][0xbd][0x1e][0xf4]/c[0xe2]C[0xdc][0x8b][0x8]E[0xbd][0xea]"[0xd2]SEbP[0x8d][0xd7]XY[0xa5]p[0xb1]z[0x16] [0x97]/E[0x9][0x14][0xf1]!'[0xf2][0x1]P[0xab][0xc8][0x10][0xd5][0x94]u[0xe3][0x10][0x95]v}[0xda][0xb9][0xeb][0x93][0x92][0x14][0x85]m}[0xca]aGn[0xfd]][0xa2][0xa5]|[0xe]H8[0x91]N[0x1b][0xc5][0xb][0xa1][0xd5][0xa9][0x9f][0xcd]31[0xc9][0xeb]g'[0x8a][0xf2]+4[0xc9]^@[0x0][[0xd1][0x4][0xec][0xb5][0xd8]\[0xfc][0xc][0xda][0x9e]<[0x19][0xe8]Y[0xe7][0xa3][0xfc]J[0x9d][0xf6][0xa9][0xfc][0xb8]ac[0xd3]_P[0x92][0xac][0xa6][0x98][0xcd][0x8b][0xb6][0xcd][0x17]a[0x96][0xa5][0xdb]Z[0xd6]M[0xdc][0xd7][0xb4][0xe9][0x11][0xe9]+y4[0x5].c[0x9c]2[0xf9][0xf8][0x95]][0x1d][0xae][0xb1]X[0xf3][0xbd][0x2][0x1][0xc7]@[0x1f]=[0xab][0xf6][0xe2][0x15]J[0xe0][0xea][0xf5]2[0x8d][0x1c][[0xa1][\n]"
2020-05-28 14:34:22,674 DEBUG [main] wire:87 -  << "[0xb5][0xf5]l[0xf5]@[0x96]lH`[0xd9][0x9e]e[0xf7]z3R~[0xa7][0xa0].[0xe2][0xa2]rq6[0xc5]6_v[0x96][0x92][0xfc][0xaa]![0xe7]+[0x7][0xd8]>.[0xb7]#{=[0xf9].:[0xff][0xeb][0x12][0xa6]\[0x1e]+R[0xe7][0xc2][0x5][0xb0][0x97]u[0xf7][0x2]|}8[0x9f][0xbe]^[0xf2]88[0xf4]gx[0xfa]"[0x81][0x13][0x94]0[0xa0][0xe] [0xfb][0x9b][0x82][0xf0]^[0xe9]W[0xff][0xfa]J[0x8][0xb6][0xa5][0xdc]~`[0xf7]mk[0x8e][0xf0]l[0xce][0x81][0x1d][0x14][0x1b][0x9d][0x81]m[0xc1][0x84][0x3][0xfb]o[0xa2][0xfd][0x8]2n[0xf7][0xf4][0x6][0xc9]Q[0xaf][0xec]IyU0^[0x1c][0x13][0x9d][0xf8][0xf2][0xc8]Y[0x4]iL[0x11][0x93][0xa7][0xf7]T[0x17]^D[0x1][0x18][0xb4][0xa2][0x1][0x18][0xf4][0xfb][0xc1][0xc1][0xfe][0xe0]i+[0xba][0x4][0x3][0xbf][0xdf][0x8a][0xbe][0x80]@6S[0x90][0xdd][0xb9]g[0x9a]4[0x9e][0xd8]1[0x8e]5[0xe4][0x9][0xae]9_$"L[0xfa][0x1][0x0][0x0][0xff][0xff]`[0xec][0x12][0xd7][0x98][0x9c][0x0][0x0]"
2020-05-28 14:34:22,674 DEBUG [main] wire:73 -  << "[\r][\n]"
2020-05-28 14:34:22,675 DEBUG [main] wire:73 -  << "0[\r][\n]"
2020-05-28 14:34:22,675 DEBUG [main] wire:73 -  << "[\r][\n]"
2020-05-28 14:34:22,676 DEBUG [main] RequestSpecificationImpl$RestAssuredHttpBuilder:548 - Parsed data to instance of: class org.apache.http.conn.EofSensorInputStream
2020-05-28 14:34:22,696  INFO [main] TestBase:46 -   ** Checking Content Encoding 
2020-05-28 14:34:22,705  INFO [main] TestBase:63 -   ** Checking Staus Line 
2020-05-28 14:34:22,712  INFO [main] TestBase:28 -   ** Checking Respose Body
2020-05-28 14:34:22,713 DEBUG [main] BasicClientConnectionManager:200 - Releasing connection org.apache.http.impl.conn.ManagedClientConnectionImpl@7c2924d7
2020-05-28 14:34:22,714 DEBUG [main] BasicClientConnectionManager:225 - Connection can be kept alive indefinitely
2020-05-28 14:34:22,722  INFO [main] TestBase:102 -   ** Checking response time
2020-05-28 14:34:22,731  INFO [main] TestBase:85 -   ** Checking Server type
2020-05-28 14:34:22,738  INFO [main] TestBase:37 -   ** Checking Staus code 
2020-05-28 14:34:22,743  INFO [main] TestBase:55 -   ** Checking Staus Line 
2020-05-28 14:34:22,749  INFO [main] TestBase:93 -   ** Checking Cookies
2020-05-28 14:34:22,756  INFO [main] TestBase:72 -   ** Checking All headers 
2020-05-28 14:34:22,769  INFO [main] TestBase:27 - Started TC003_POST_Employee_Record
2020-05-28 14:34:22,815 DEBUG [main] BasicClientConnectionManager:161 - Get connection for route {}->http://dummy.restapiexample.com:80
2020-05-28 14:34:22,815 DEBUG [main] DefaultClientConnectionOperator:177 - Connecting to dummy.restapiexample.com:80
2020-05-28 14:34:22,871 DEBUG [main] RequestAddCookies:123 - CookieSpec selected: ignoreCookies
2020-05-28 14:34:22,871 DEBUG [main] RequestAuthCache:77 - Auth cache not set in the context
2020-05-28 14:34:22,872 DEBUG [main] RequestTargetAuthentication:80 - Target auth state: UNCHALLENGED
2020-05-28 14:34:22,872 DEBUG [main] RequestProxyAuthentication:89 - Proxy auth state: UNCHALLENGED
2020-05-28 14:34:22,872 DEBUG [main] DefaultHttpClient:682 - Attempt 1 to execute request
2020-05-28 14:34:22,873 DEBUG [main] DefaultClientConnection:274 - Sending request: POST /api/v1/create HTTP/1.1
2020-05-28 14:34:22,873 DEBUG [main] wire:73 -  >> "POST /api/v1/create HTTP/1.1[\r][\n]"
2020-05-28 14:34:22,877 DEBUG [main] wire:73 -  >> "Content.Type: application/json[\r][\n]"
2020-05-28 14:34:22,878 DEBUG [main] wire:73 -  >> "Accept: */*[\r][\n]"
2020-05-28 14:34:22,879 DEBUG [main] wire:73 -  >> "Content-Type: text/plain; charset=ISO-8859-1[\r][\n]"
2020-05-28 14:34:22,880 DEBUG [main] wire:73 -  >> "Content-Length: 46[\r][\n]"
2020-05-28 14:34:22,881 DEBUG [main] wire:73 -  >> "Host: dummy.restapiexample.com[\r][\n]"
2020-05-28 14:34:22,881 DEBUG [main] wire:73 -  >> "Connection: Keep-Alive[\r][\n]"
2020-05-28 14:34:22,882 DEBUG [main] wire:73 -  >> "User-Agent: Apache-HttpClient/4.5.3 (Java/12.0.2)[\r][\n]"
2020-05-28 14:34:22,882 DEBUG [main] wire:73 -  >> "Accept-Encoding: gzip,deflate[\r][\n]"
2020-05-28 14:34:22,882 DEBUG [main] wire:73 -  >> "[\r][\n]"
2020-05-28 14:34:22,883 DEBUG [main] headers:278 - >> POST /api/v1/create HTTP/1.1
2020-05-28 14:34:22,883 DEBUG [main] headers:281 - >> Content.Type: application/json
2020-05-28 14:34:22,883 DEBUG [main] headers:281 - >> Accept: */*
2020-05-28 14:34:22,884 DEBUG [main] headers:281 - >> Content-Type: text/plain; charset=ISO-8859-1
2020-05-28 14:34:22,884 DEBUG [main] headers:281 - >> Content-Length: 46
2020-05-28 14:34:22,884 DEBUG [main] headers:281 - >> Host: dummy.restapiexample.com
2020-05-28 14:34:22,886 DEBUG [main] headers:281 - >> Connection: Keep-Alive
2020-05-28 14:34:22,886 DEBUG [main] headers:281 - >> User-Agent: Apache-HttpClient/4.5.3 (Java/12.0.2)
2020-05-28 14:34:22,887 DEBUG [main] headers:281 - >> Accept-Encoding: gzip,deflate
2020-05-28 14:34:22,887 DEBUG [main] wire:87 -  >> "{"name":"ArtirdK","salary":"82948","age":"81"}"
2020-05-28 14:34:23,386 DEBUG [main] wire:73 -  << "HTTP/1.1 200 OK[\r][\n]"
2020-05-28 14:34:23,386 DEBUG [main] wire:73 -  << "Access-Control-Allow-Origin: *[\r][\n]"
2020-05-28 14:34:23,387 DEBUG [main] wire:73 -  << "Access-Control-Expose-Headers: Content-Type, X-Requested-With, X-authentication, X-client[\r][\n]"
2020-05-28 14:34:23,387 DEBUG [main] wire:73 -  << "Cache-Control: no-store, no-cache, must-revalidate[\r][\n]"
2020-05-28 14:34:23,388 DEBUG [main] wire:73 -  << "Content-Type: application/json;charset=utf-8[\r][\n]"
2020-05-28 14:34:23,389 DEBUG [main] wire:73 -  << "Date: Thu, 28 May 2020 21:34:24 GMT[\r][\n]"
2020-05-28 14:34:23,389 DEBUG [main] wire:73 -  << "Expires: Thu, 19 Nov 1981 08:52:00 GMT[\r][\n]"
2020-05-28 14:34:23,389 DEBUG [main] wire:73 -  << "Host-Header: c2hhcmVkLmJsdWVob3N0LmNvbQ==[\r][\n]"
2020-05-28 14:34:23,390 DEBUG [main] wire:73 -  << "Pragma: no-cache[\r][\n]"
2020-05-28 14:34:23,390 DEBUG [main] wire:73 -  << "Referrer-Policy: [\r][\n]"
2020-05-28 14:34:23,391 DEBUG [main] wire:73 -  << "Response: 200[\r][\n]"
2020-05-28 14:34:23,391 DEBUG [main] wire:73 -  << "Server: nginx/1.16.0[\r][\n]"
2020-05-28 14:34:23,391 DEBUG [main] wire:73 -  << "Set-Cookie: PHPSESSID=51ab31acd59d428390540167cf7aa219; path=/[\r][\n]"
2020-05-28 14:34:23,392 DEBUG [main] wire:73 -  << "Set-Cookie: ezoadgid_133674=-1; Path=/; Domain=restapiexample.com; Expires=Thu, 28 May 2020 22:04:24 UTC[\r][\n]"
2020-05-28 14:34:23,392 DEBUG [main] wire:73 -  << "Set-Cookie: ezoref_133674=; Path=/; Domain=restapiexample.com; Expires=Thu, 28 May 2020 23:34:24 UTC[\r][\n]"
2020-05-28 14:34:23,393 DEBUG [main] wire:73 -  << "Set-Cookie: ezoab_133674=mod65-c; Path=/; Domain=restapiexample.com; Expires=Thu, 28 May 2020 23:34:24 UTC[\r][\n]"
2020-05-28 14:34:23,394 DEBUG [main] wire:73 -  << "Set-Cookie: active_template::133674=pub_site.1590701664; Path=/; Domain=restapiexample.com; Expires=Sat, 30 May 2020 21:34:24 UTC[\r][\n]"
2020-05-28 14:34:23,394 DEBUG [main] wire:73 -  << "Vary: Accept-Encoding[\r][\n]"
2020-05-28 14:34:23,395 DEBUG [main] wire:73 -  << "Vary: Accept-Encoding,X-APP-JSON[\r][\n]"
2020-05-28 14:34:23,396 DEBUG [main] wire:73 -  << "X-Ezoic-Cdn: Miss[\r][\n]"
2020-05-28 14:34:23,396 DEBUG [main] wire:73 -  << "X-Middleton-Response: 200[\r][\n]"
2020-05-28 14:34:23,397 DEBUG [main] wire:73 -  << "X-Sol: pub_site[\r][\n]"
2020-05-28 14:34:23,398 DEBUG [main] wire:73 -  << "Content-Length: 82[\r][\n]"
2020-05-28 14:34:23,399 DEBUG [main] wire:73 -  << "[\r][\n]"
2020-05-28 14:34:23,399 DEBUG [main] DefaultClientConnection:259 - Receiving response: HTTP/1.1 200 OK
2020-05-28 14:34:23,400 DEBUG [main] headers:262 - << HTTP/1.1 200 OK
2020-05-28 14:34:23,400 DEBUG [main] headers:265 - << Access-Control-Allow-Origin: *
2020-05-28 14:34:23,401 DEBUG [main] headers:265 - << Access-Control-Expose-Headers: Content-Type, X-Requested-With, X-authentication, X-client
2020-05-28 14:34:23,402 DEBUG [main] headers:265 - << Cache-Control: no-store, no-cache, must-revalidate
2020-05-28 14:34:23,402 DEBUG [main] headers:265 - << Content-Type: application/json;charset=utf-8
2020-05-28 14:34:23,403 DEBUG [main] headers:265 - << Date: Thu, 28 May 2020 21:34:24 GMT
2020-05-28 14:34:23,404 DEBUG [main] headers:265 - << Expires: Thu, 19 Nov 1981 08:52:00 GMT
2020-05-28 14:34:23,404 DEBUG [main] headers:265 - << Host-Header: c2hhcmVkLmJsdWVob3N0LmNvbQ==
2020-05-28 14:34:23,405 DEBUG [main] headers:265 - << Pragma: no-cache
2020-05-28 14:34:23,406 DEBUG [main] headers:265 - << Referrer-Policy: 
2020-05-28 14:34:23,406 DEBUG [main] headers:265 - << Response: 200
2020-05-28 14:34:23,407 DEBUG [main] headers:265 - << Server: nginx/1.16.0
2020-05-28 14:34:23,408 DEBUG [main] headers:265 - << Set-Cookie: PHPSESSID=51ab31acd59d428390540167cf7aa219; path=/
2020-05-28 14:34:23,409 DEBUG [main] headers:265 - << Set-Cookie: ezoadgid_133674=-1; Path=/; Domain=restapiexample.com; Expires=Thu, 28 May 2020 22:04:24 UTC
2020-05-28 14:34:23,409 DEBUG [main] headers:265 - << Set-Cookie: ezoref_133674=; Path=/; Domain=restapiexample.com; Expires=Thu, 28 May 2020 23:34:24 UTC
2020-05-28 14:34:23,410 DEBUG [main] headers:265 - << Set-Cookie: ezoab_133674=mod65-c; Path=/; Domain=restapiexample.com; Expires=Thu, 28 May 2020 23:34:24 UTC
2020-05-28 14:34:23,411 DEBUG [main] headers:265 - << Set-Cookie: active_template::133674=pub_site.1590701664; Path=/; Domain=restapiexample.com; Expires=Sat, 30 May 2020 21:34:24 UTC
2020-05-28 14:34:23,412 DEBUG [main] headers:265 - << Vary: Accept-Encoding
2020-05-28 14:34:23,413 DEBUG [main] headers:265 - << Vary: Accept-Encoding,X-APP-JSON
2020-05-28 14:34:23,413 DEBUG [main] headers:265 - << X-Ezoic-Cdn: Miss
2020-05-28 14:34:23,414 DEBUG [main] headers:265 - << X-Middleton-Response: 200
2020-05-28 14:34:23,415 DEBUG [main] headers:265 - << X-Sol: pub_site
2020-05-28 14:34:23,416 DEBUG [main] headers:265 - << Content-Length: 82
2020-05-28 14:34:23,417 DEBUG [main] DefaultHttpClient:509 - Connection can be kept alive indefinitely
2020-05-28 14:34:23,419 DEBUG [main] RequestSpecificationImpl$RestAssuredHttpBuilder:545 - Parsing response as: application/json;charset=utf-8
2020-05-28 14:34:23,419 DEBUG [main] RequestSpecificationImpl$RestAssuredHttpBuilder:548 - Parsed data to instance of: class org.apache.http.conn.EofSensorInputStream
2020-05-28 14:34:23,440  INFO [main] TestBase:60 -   ** Checking Content Encoding 
2020-05-28 14:34:23,466  INFO [main] TestBase:77 -   ** Checking Staus Line 
2020-05-28 14:34:23,477  INFO [main] TestBase:42 -   ** Checking Respose Body
2020-05-28 14:34:23,478 DEBUG [main] wire:87 -  << "{"status":"success","data":{"name":"ArtirdK","salary":"82948","age":"81","id":76}}"
2020-05-28 14:34:23,479 DEBUG [main] BasicClientConnectionManager:200 - Releasing connection org.apache.http.impl.conn.ManagedClientConnectionImpl@49e4c2d5
2020-05-28 14:34:23,479 DEBUG [main] BasicClientConnectionManager:225 - Connection can be kept alive indefinitely
2020-05-28 14:34:23,515  INFO [main] TestBase:116 -   ** Checking response time
2020-05-28 14:34:23,525  INFO [main] TestBase:99 -   ** Checking Server type
2020-05-28 14:34:23,531  INFO [main] TestBase:51 -   ** Checking Staus code 
2020-05-28 14:34:23,548  INFO [main] TestBase:69 -   ** Checking Staus Line 
2020-05-28 14:34:23,556  INFO [main] TestBase:107 -   ** Checking Cookies
2020-05-28 14:34:23,564  INFO [main] TestBase:86 -   ** Checking All headers 
2020-05-28 14:34:23,582  INFO [main] TestBase:18 - Started TC001_Get_Single_employees 
2020-05-28 14:34:23,606 DEBUG [main] BasicClientConnectionManager:161 - Get connection for route {}->http://dummy.restapiexample:80
2020-05-28 14:34:23,681 DEBUG [main] DefaultClientConnectionOperator:177 - Connecting to dummy.restapiexample:80
2020-05-28 14:34:23,798 DEBUG [main] RequestAddCookies:123 - CookieSpec selected: ignoreCookies
2020-05-28 14:34:23,799 DEBUG [main] RequestAuthCache:77 - Auth cache not set in the context
2020-05-28 14:34:23,800 DEBUG [main] RequestTargetAuthentication:80 - Target auth state: UNCHALLENGED
2020-05-28 14:34:23,801 DEBUG [main] RequestProxyAuthentication:89 - Proxy auth state: UNCHALLENGED
2020-05-28 14:34:23,802 DEBUG [main] DefaultHttpClient:682 - Attempt 1 to execute request
2020-05-28 14:34:23,803 DEBUG [main] DefaultClientConnection:274 - Sending request: GET /api/v1/employee/1 HTTP/1.1
2020-05-28 14:34:23,804 DEBUG [main] wire:73 -  >> "GET /api/v1/employee/1 HTTP/1.1[\r][\n]"
2020-05-28 14:34:23,805 DEBUG [main] wire:73 -  >> "Accept: */*[\r][\n]"
2020-05-28 14:34:23,806 DEBUG [main] wire:73 -  >> "Host: dummy.restapiexample[\r][\n]"
2020-05-28 14:34:23,807 DEBUG [main] wire:73 -  >> "Connection: Keep-Alive[\r][\n]"
2020-05-28 14:34:23,808 DEBUG [main] wire:73 -  >> "User-Agent: Apache-HttpClient/4.5.3 (Java/12.0.2)[\r][\n]"
2020-05-28 14:34:23,809 DEBUG [main] wire:73 -  >> "Accept-Encoding: gzip,deflate[\r][\n]"
2020-05-28 14:34:23,810 DEBUG [main] wire:73 -  >> "[\r][\n]"
2020-05-28 14:34:23,811 DEBUG [main] headers:278 - >> GET /api/v1/employee/1 HTTP/1.1
2020-05-28 14:34:23,812 DEBUG [main] headers:281 - >> Accept: */*
2020-05-28 14:34:23,813 DEBUG [main] headers:281 - >> Host: dummy.restapiexample
2020-05-28 14:34:23,813 DEBUG [main] headers:281 - >> Connection: Keep-Alive
2020-05-28 14:34:23,814 DEBUG [main] headers:281 - >> User-Agent: Apache-HttpClient/4.5.3 (Java/12.0.2)
2020-05-28 14:34:23,815 DEBUG [main] headers:281 - >> Accept-Encoding: gzip,deflate
2020-05-28 14:34:23,913 DEBUG [main] wire:73 -  << "HTTP/1.1 200 OK[\r][\n]"
2020-05-28 14:34:23,914 DEBUG [main] wire:73 -  << "Server: nginx[\r][\n]"
2020-05-28 14:34:23,915 DEBUG [main] wire:73 -  << "Date: Thu, 28 May 2020 21:34:25 GMT[\r][\n]"
2020-05-28 14:34:23,915 DEBUG [main] wire:73 -  << "Content-Type: text/html; charset=utf-8[\r][\n]"
2020-05-28 14:34:23,916 DEBUG [main] wire:73 -  << "Transfer-Encoding: chunked[\r][\n]"
2020-05-28 14:34:23,916 DEBUG [main] wire:73 -  << "Connection: close[\r][\n]"
2020-05-28 14:34:23,917 DEBUG [main] wire:73 -  << "Expires: Thu, 28 May 2020 21:44:25 GMT[\r][\n]"
2020-05-28 14:34:23,917 DEBUG [main] wire:73 -  << "Cache-Control: max-age=600[\r][\n]"
2020-05-28 14:34:23,918 DEBUG [main] wire:73 -  << "X-Frame-Options: DENY[\r][\n]"
2020-05-28 14:34:23,919 DEBUG [main] wire:73 -  << "[\r][\n]"
2020-05-28 14:34:23,921 DEBUG [main] DefaultClientConnection:259 - Receiving response: HTTP/1.1 200 OK
2020-05-28 14:34:23,921 DEBUG [main] headers:262 - << HTTP/1.1 200 OK
2020-05-28 14:34:23,922 DEBUG [main] headers:265 - << Server: nginx
2020-05-28 14:34:23,923 DEBUG [main] headers:265 - << Date: Thu, 28 May 2020 21:34:25 GMT
2020-05-28 14:34:23,924 DEBUG [main] headers:265 - << Content-Type: text/html; charset=utf-8
2020-05-28 14:34:23,925 DEBUG [main] headers:265 - << Transfer-Encoding: chunked
2020-05-28 14:34:23,925 DEBUG [main] headers:265 - << Connection: close
2020-05-28 14:34:23,926 DEBUG [main] headers:265 - << Expires: Thu, 28 May 2020 21:44:25 GMT
2020-05-28 14:34:23,927 DEBUG [main] headers:265 - << Cache-Control: max-age=600
2020-05-28 14:34:23,927 DEBUG [main] headers:265 - << X-Frame-Options: DENY
2020-05-28 14:34:23,929 DEBUG [main] RequestSpecificationImpl$RestAssuredHttpBuilder:545 - Parsing response as: text/html; charset=utf-8
2020-05-28 14:34:23,930 DEBUG [main] RequestSpecificationImpl$RestAssuredHttpBuilder:548 - Parsed data to instance of: class org.apache.http.conn.EofSensorInputStream
2020-05-28 14:34:23,945  INFO [main] TestBase:47 -   ** Checking Content Encoding 
2020-05-28 14:34:23,964  INFO [main] TestBase:64 -   ** Checking Staus Line 
2020-05-28 14:34:23,975  INFO [main] TestBase:29 -   ** Checking Respose Body
2020-05-28 14:34:23,976 DEBUG [main] wire:73 -  << "392[\r][\n]"
2020-05-28 14:34:23,977 DEBUG [main] wire:87 -  << "<!DOCTYPE html PUBLIC "-//W3C//DTD XHTML 1.0 Transitional//EN" "http://www.w3.org/TR/xhtml1/DTD/xhtml1-transitional.dtd"><html><head><meta http-equiv="refresh" content="0;url=http://finder.cox.net/main?ParticipantID=96e687opkbv4scrood8k84drs6gw5duf&FailedURI=http%3A%2F%2Fdummy.restapiexample%2Fapi%2Fv1%2Femployee%2F1&FailureMode=1&Implementation=&AddInType=4&Version=pywr1.0&ClientLocation=us"/><script type="text/javascript">url="http://finder.cox.net/main?ParticipantID=96e687opkbv4scrood8k84drs6gw5duf&FailedURI=http%3A%2F%2Fdummy.restapiexample%2Fapi%2Fv1%2Femployee%2F1&FailureMode=1&Implementation=&AddInType=4&Version=pywr1.0&ClientLocation=us";if(top.location!=location){var w=window,d=document,e=d.documentElement,b=d.body,x=w.innerWidth||e.clientWidth||b.clientWidth,y=w.innerHeight||e.clientHeight||b.clientHeight;url+="&w="+x+"&h="+y;}window.location.replace(url);</script></head><body></body></html>"
2020-05-28 14:34:23,977 DEBUG [main] wire:73 -  << "[\r][\n]"
2020-05-28 14:34:23,978 DEBUG [main] wire:73 -  << "0[\r][\n]"
2020-05-28 14:34:23,978 DEBUG [main] wire:73 -  << "[\r][\n]"
2020-05-28 14:34:23,979 DEBUG [main] BasicClientConnectionManager:200 - Releasing connection org.apache.http.impl.conn.ManagedClientConnectionImpl@4b960b5b
2020-05-28 14:34:23,980 DEBUG [main] DefaultClientConnection:164 - Connection 0.0.0.0:53868<->92.242.140.2:80 shut down
2020-05-28 14:34:23,989  INFO [main] TestBase:103 -   ** Checking response time
2020-05-28 14:34:23,997  INFO [main] TestBase:86 -   ** Checking Server type
2020-05-28 14:34:24,003  INFO [main] TestBase:38 -   ** Checking Staus code 
2020-05-28 14:34:24,008  INFO [main] TestBase:56 -   ** Checking Staus Line 
2020-05-28 14:34:24,026  INFO [main] TestBase:94 -   ** Checking Cookies
2020-05-28 14:34:24,043  INFO [main] TestBase:73 -   ** Checking All headers 
2020-05-28 14:34:24,515 DEBUG [Finalizer] DefaultClientConnection:180 - Connection 0.0.0.0:53866<->100.21.184.71:80 closed
